#
# There is insufficient memory for the Java Runtime Environment to continue.
# Native memory allocation (mmap) failed to map 1048576 bytes for Failed to commit area from 0x0000000089c00000 to 0x0000000089d00000 of length 1048576.
# Possible reasons:
#   The system is out of physical RAM or swap space
#   The process is running with CompressedOops enabled, and the Java Heap may be blocking the growth of the native heap
# Possible solutions:
#   Reduce memory load on the system
#   Increase physical memory or swap space
#   Check if swap backing store is full
#   Decrease Java heap size (-Xmx/-Xms)
#   Decrease number of Java threads
#   Decrease Java thread stack sizes (-Xss)
#   Set larger code cache with -XX:ReservedCodeCacheSize=
#   JVM is running with Unscaled Compressed Oops mode in which the Java heap is
#     placed in the first 4GB address space. The Java Heap base address is the
#     maximum limit for the native heap growth. Please use -XX:HeapBaseMinAddress
#     to set the Java Heap base and to place the Java Heap above 4GB virtual address.
# This output file may be truncated or incomplete.
#
#  Out of Memory Error (c:/BuildAgent/work/5ff2f6c26000d570/src/hotspot/os/windows/os_windows.cpp:3291), pid=12060, tid=12528
#
# JRE version: OpenJDK Runtime Environment (11.0.5+10) (build 11.0.5+10-b520.38)
# Java VM: OpenJDK 64-Bit Server VM (11.0.5+10-b520.38, mixed mode, sharing, tiered, compressed oops, g1 gc, windows-amd64)
# No core dump will be written. Minidumps are not enabled by default on client versions of Windows
#

---------------  S U M M A R Y ------------

Command Line: -javaagent:D:\Idea\IntelliJ IDEA 2019.3.3\lib\idea_rt.jar=52592:D:\Idea\IntelliJ IDEA 2019.3.3\bin -Dfile.encoding=GBK mainGameStarter

Host: Intel(R) Core(TM) i5-8265U CPU @ 1.60GHz, 8 cores, 7G,  Windows 10 , 64 bit Build 18362 (10.0.18362.778)
Time: Sat May 16 21:55:48 2020 ?D1¨²¡À¨º¡Á?¨º¡À?? elapsed time: 20 seconds (0d 0h 0m 20s)

---------------  T H R E A D  ---------------

Current thread (0x000001d2a4ffa000):  GCTaskThread "GC Thread#1" [stack: 0x000000bff0b00000,0x000000bff0c00000] [id=12528]

Stack: [0x000000bff0b00000,0x000000bff0c00000]
[error occurred during error reporting (printing stack bounds), id 0xc0000005, EXCEPTION_ACCESS_VIOLATION (0xc0000005) at pc=0x000001d280000dad]

Native frames: (J=compiled Java code, j=interpreted, Vv=VM code, C=native code)
V  [jvm.dll+0x5dcafa]
V  [jvm.dll+0x70e375]
V  [jvm.dll+0x70f898]
V  [jvm.dll+0x70fec5]
V  [jvm.dll+0x70fe7b]
V  [jvm.dll+0x5dc288]
V  [jvm.dll+0x5dc6e8]
C  [ntdll.dll+0xa11cf]
C  [ntdll.dll+0x6a209]
C  [ntdll.dll+0x9fe3e]
C  0x000001d280000dad


---------------  P R O C E S S  ---------------

Threads class SMR info:
_java_thread_list=0x000001d2a4e28550, length=12, elements={
0x000001d2f2397800, 0x000001d2fdcde800, 0x000001d2fdcdf800, 0x000001d2fdcf9000,
0x000001d2fdcfa000, 0x000001d2fdcfe000, 0x000001d2fdd0c800, 0x000001d2fdd16000,
0x000001d2fdcc3000, 0x000001d2fe78a000, 0x000001d2fe78b000, 0x000001d2fe7b8800
}

Java Threads: ( => current thread )
  0x000001d2f2397800 JavaThread "main" [_thread_blocked, id=5696, stack(0x000000bfeee00000,0x000000bfeef00000)]
  0x000001d2fdcde800 JavaThread "Reference Handler" daemon [_thread_blocked, id=7832, stack(0x000000bfef500000,0x000000bfef600000)]
  0x000001d2fdcdf800 JavaThread "Finalizer" daemon [_thread_blocked, id=4360, stack(0x000000bfef600000,0x000000bfef700000)]
  0x000001d2fdcf9000 JavaThread "Signal Dispatcher" daemon [_thread_blocked, id=9440, stack(0x000000bfef700000,0x000000bfef800000)]
  0x000001d2fdcfa000 JavaThread "Attach Listener" daemon [_thread_blocked, id=15284, stack(0x000000bfef800000,0x000000bfef900000)]
  0x000001d2fdcfe000 JavaThread "C2 CompilerThread0" daemon [_thread_blocked, id=11660, stack(0x000000bfef900000,0x000000bfefa00000)]
  0x000001d2fdd0c800 JavaThread "C1 CompilerThread0" daemon [_thread_blocked, id=16236, stack(0x000000bfefa00000,0x000000bfefb00000)]
  0x000001d2fdd16000 JavaThread "Sweeper thread" daemon [_thread_blocked, id=14992, stack(0x000000bfefb00000,0x000000bfefc00000)]
  0x000001d2fdcc3000 JavaThread "Common-Cleaner" daemon [_thread_blocked, id=4472, stack(0x000000bfefc00000,0x000000bfefd00000)]
  0x000001d2fe78a000 JavaThread "Monitor Ctrl-Break" daemon [_thread_in_native, id=6472, stack(0x000000bfefe00000,0x000000bfeff00000)]
  0x000001d2fe78b000 JavaThread "Service Thread" daemon [_thread_blocked, id=1260, stack(0x000000bfeff00000,0x000000bff0000000)]
  0x000001d2fe7b8800 JavaThread "Thread-0" [_thread_blocked, id=15612, stack(0x000000bff0d00000,0x000000bff0e00000)]

Other Threads:
  0x000001d2fdcdc800 VMThread "VM Thread" [stack: 0x000000bfef400000,0x000000bfef500000] [id=11368]
  0x000001d2fe798800 WatcherThread [stack: 0x000000bff0000000,0x000000bff0100000] [id=2884]
  0x000001d2f23b0800 GCTaskThread "GC Thread#0" [stack: 0x000000bfeef00000,0x000000bfef000000] [id=9336]
=>0x000001d2a4ffa000 GCTaskThread "GC Thread#1" [stack: 0x000000bff0b00000,0x000000bff0c00000] [id=12528]
  0x000001d2a4ffa800 GCTaskThread "GC Thread#2" [stack: 0x000000bff0c00000,0x000000bff0d00000] [id=1944]
  0x000001d2a5015800 GCTaskThread "GC Thread#3" [stack: 0x000000bff0e00000,0x000000bff0f00000] [id=16064]
  0x000001d2f23e0800 ConcurrentGCThread "G1 Main Marker" [stack: 0x000000bfef000000,0x000000bfef100000] [id=3692]
  0x000001d2f23e2800 ConcurrentGCThread "G1 Conc#0" [stack: 0x000000bfef100000,0x000000bfef200000] [id=14552]
  0x000001d2fdb70800 ConcurrentGCThread "G1 Refine#0" [stack: 0x000000bfef200000,0x000000bfef300000] [id=2768]
  0x000001d2fdb71800 ConcurrentGCThread "G1 Young RemSet Sampling" [stack: 0x000000bfef300000,0x000000bfef400000] [id=5548]

Threads with active compile tasks:

VM state:at safepoint (normal execution)

VM Mutex/Monitor currently owned by a thread:  ([mutex/lock_event])
[0x000001d2f23951a0] FreeList_lock - owner thread: 0x000001d2a4ffa000
[0x000001d2f2395ca0] Threads_lock - owner thread: 0x000001d2fdcdc800
[0x000001d2f2395e50] Heap_lock - owner thread: 0x000001d2f2397800

Heap address: 0x0000000081c00000, size: 2020 MB, Compressed Oops mode: 32-bit
Narrow klass base: 0x0000000800000000, Narrow klass shift: 3
Compressed class space size: 1073741824 Address: 0x0000000840000000

Heap:
 garbage-first heap   total 132096K, used 77803K [0x0000000081c00000, 0x0000000100000000)
  region size 1024K, 84 young (86016K), 10 survivors (10240K)
 Metaspace       used 2119K, capacity 5080K, committed 5120K, reserved 1056768K
  class space    used 184K, capacity 478K, committed 512K, reserved 1048576K
Heap Regions: E=young(eden), S=young(survivor), O=old, HS=humongous(starts), HC=humongous(continues), CS=collection set, F=free, A=archive, TAMS=top-at-mark-start (previous, next)
|   0|0x0000000081c00000, 0x0000000081d00000, 0x0000000081d00000|100%| O|  |TAMS 0x0000000081c00000, 0x0000000081c00000| Untracked 
|   1|0x0000000081d00000, 0x0000000081e00000, 0x0000000081e00000|100%| O|  |TAMS 0x0000000081d00000, 0x0000000081d00000| Untracked 
|   2|0x0000000081e00000, 0x0000000081f00000, 0x0000000081f00000|100%| O|  |TAMS 0x0000000081e00000, 0x0000000081e00000| Untracked 
|   3|0x0000000081f00000, 0x0000000082000000, 0x0000000082000000|100%| O|  |TAMS 0x0000000081f00000, 0x0000000081f00000| Untracked 
|   4|0x0000000082000000, 0x0000000082100000, 0x0000000082100000|100%| O|  |TAMS 0x0000000082000000, 0x0000000082000000| Untracked 
|   5|0x0000000082100000, 0x0000000082200000, 0x0000000082200000|100%| O|  |TAMS 0x0000000082100000, 0x0000000082100000| Untracked 
|   6|0x0000000082200000, 0x0000000082300000, 0x0000000082300000|100%| O|  |TAMS 0x0000000082200000, 0x0000000082200000| Untracked 
|   7|0x0000000082300000, 0x0000000082400000, 0x0000000082400000|100%| O|  |TAMS 0x0000000082300000, 0x0000000082300000| Untracked 
|   8|0x0000000082400000, 0x0000000082500000, 0x0000000082500000|100%| O|  |TAMS 0x0000000082400000, 0x0000000082400000| Untracked 
|   9|0x0000000082500000, 0x0000000082600000, 0x0000000082600000|100%| O|  |TAMS 0x0000000082500000, 0x0000000082500000| Untracked 
|  10|0x0000000082600000, 0x0000000082700000, 0x0000000082700000|100%| O|  |TAMS 0x0000000082600000, 0x0000000082600000| Untracked 
|  11|0x0000000082700000, 0x0000000082800000, 0x0000000082800000|100%| O|  |TAMS 0x0000000082700000, 0x0000000082700000| Untracked 
|  12|0x0000000082800000, 0x0000000082900000, 0x0000000082900000|100%| O|  |TAMS 0x0000000082800000, 0x0000000082800000| Untracked 
|  13|0x0000000082900000, 0x0000000082a00000, 0x0000000082a00000|100%| O|  |TAMS 0x0000000082900000, 0x0000000082900000| Untracked 
|  14|0x0000000082a00000, 0x0000000082b00000, 0x0000000082b00000|100%| O|  |TAMS 0x0000000082a00000, 0x0000000082a00000| Untracked 
|  15|0x0000000082b00000, 0x0000000082c00000, 0x0000000082c00000|100%| O|  |TAMS 0x0000000082b00000, 0x0000000082b00000| Untracked 
|  16|0x0000000082c00000, 0x0000000082d00000, 0x0000000082d00000|100%| O|  |TAMS 0x0000000082c00000, 0x0000000082c00000| Untracked 
|  17|0x0000000082d00000, 0x0000000082e00000, 0x0000000082e00000|100%| O|  |TAMS 0x0000000082d00000, 0x0000000082d00000| Untracked 
|  18|0x0000000082e00000, 0x0000000082f00000, 0x0000000082f00000|100%| O|  |TAMS 0x0000000082e00000, 0x0000000082e00000| Untracked 
|  19|0x0000000082f00000, 0x0000000083000000, 0x0000000083000000|100%| O|  |TAMS 0x0000000082f00000, 0x0000000082f00000| Untracked 
|  20|0x0000000083000000, 0x0000000083100000, 0x0000000083100000|100%| O|  |TAMS 0x0000000083000000, 0x0000000083000000| Untracked 
|  21|0x0000000083100000, 0x0000000083200000, 0x0000000083200000|100%| O|  |TAMS 0x0000000083100000, 0x0000000083100000| Untracked 
|  22|0x0000000083200000, 0x0000000083300000, 0x0000000083300000|100%| O|  |TAMS 0x0000000083200000, 0x0000000083200000| Untracked 
|  23|0x0000000083300000, 0x0000000083400000, 0x0000000083400000|100%| O|  |TAMS 0x0000000083300000, 0x0000000083300000| Untracked 
|  24|0x0000000083400000, 0x0000000083500000, 0x0000000083500000|100%| O|  |TAMS 0x0000000083400000, 0x0000000083400000| Untracked 
|  25|0x0000000083500000, 0x0000000083600000, 0x0000000083600000|100%| O|  |TAMS 0x0000000083500000, 0x0000000083500000| Untracked 
|  26|0x0000000083600000, 0x0000000083700000, 0x0000000083700000|100%| O|  |TAMS 0x0000000083600000, 0x0000000083600000| Untracked 
|  27|0x0000000083700000, 0x0000000083800000, 0x0000000083800000|100%| O|  |TAMS 0x0000000083700000, 0x0000000083700000| Untracked 
|  28|0x0000000083800000, 0x0000000083900000, 0x0000000083900000|100%| O|  |TAMS 0x0000000083800000, 0x0000000083800000| Untracked 
|  29|0x0000000083900000, 0x0000000083a00000, 0x0000000083a00000|100%| O|  |TAMS 0x0000000083900000, 0x0000000083900000| Untracked 
|  30|0x0000000083a00000, 0x0000000083b00000, 0x0000000083b00000|100%| O|  |TAMS 0x0000000083a00000, 0x0000000083a00000| Untracked 
|  31|0x0000000083b00000, 0x0000000083c00000, 0x0000000083c00000|100%| O|  |TAMS 0x0000000083b00000, 0x0000000083b00000| Untracked 
|  32|0x0000000083c00000, 0x0000000083d00000, 0x0000000083d00000|100%| O|  |TAMS 0x0000000083c00000, 0x0000000083c00000| Untracked 
|  33|0x0000000083d00000, 0x0000000083e00000, 0x0000000083e00000|100%| O|  |TAMS 0x0000000083d00000, 0x0000000083d00000| Untracked 
|  34|0x0000000083e00000, 0x0000000083f00000, 0x0000000083f00000|100%| O|  |TAMS 0x0000000083e00000, 0x0000000083e00000| Untracked 
|  35|0x0000000083f00000, 0x0000000084000000, 0x0000000084000000|100%| O|  |TAMS 0x0000000083f00000, 0x0000000083f00000| Untracked 
|  36|0x0000000084000000, 0x0000000084100000, 0x0000000084100000|100%| O|  |TAMS 0x0000000084000000, 0x0000000084000000| Untracked 
|  37|0x0000000084100000, 0x0000000084200000, 0x0000000084200000|100%| O|  |TAMS 0x0000000084100000, 0x0000000084100000| Untracked 
|  38|0x0000000084200000, 0x0000000084300000, 0x0000000084300000|100%| O|  |TAMS 0x0000000084200000, 0x0000000084200000| Untracked 
|  39|0x0000000084300000, 0x0000000084400000, 0x0000000084400000|100%| O|  |TAMS 0x0000000084300000, 0x0000000084300000| Untracked 
|  40|0x0000000084400000, 0x0000000084500000, 0x0000000084500000|100%| O|  |TAMS 0x0000000084400000, 0x0000000084400000| Untracked 
|  41|0x0000000084500000, 0x0000000084600000, 0x0000000084600000|100%| O|  |TAMS 0x0000000084500000, 0x0000000084500000| Untracked 
|  42|0x0000000084600000, 0x0000000084700000, 0x0000000084700000|100%| S|  |TAMS 0x0000000084600000, 0x0000000084600000| Complete 
|  43|0x0000000084700000, 0x0000000084800000, 0x0000000084800000|100%| S|  |TAMS 0x0000000084700000, 0x0000000084700000| Complete 
|  44|0x0000000084800000, 0x0000000084900000, 0x0000000084900000|100%| S|  |TAMS 0x0000000084800000, 0x0000000084800000| Complete 
|  45|0x0000000084900000, 0x0000000084a00000, 0x0000000084a00000|100%| S|  |TAMS 0x0000000084900000, 0x0000000084900000| Complete 
|  46|0x0000000084a00000, 0x0000000084b00000, 0x0000000084b00000|100%| S|  |TAMS 0x0000000084a00000, 0x0000000084a00000| Complete 
|  47|0x0000000084b00000, 0x0000000084c00000, 0x0000000084c00000|100%| S|  |TAMS 0x0000000084b00000, 0x0000000084b00000| Complete 
|  48|0x0000000084c00000, 0x0000000084d00000, 0x0000000084d00000|100%| S|  |TAMS 0x0000000084c00000, 0x0000000084c00000| Complete 
|  49|0x0000000084d00000, 0x0000000084e00000, 0x0000000084e00000|100%| S|  |TAMS 0x0000000084d00000, 0x0000000084d00000| Complete 
|  50|0x0000000084e00000, 0x0000000084f00000, 0x0000000084f00000|100%| S|  |TAMS 0x0000000084e00000, 0x0000000084e00000| Complete 
|  51|0x0000000084f00000, 0x0000000085000000, 0x0000000085000000|100%| S|  |TAMS 0x0000000084f00000, 0x0000000084f00000| Complete 
|  52|0x0000000085000000, 0x0000000085100000, 0x0000000085100000|100%| E|CS|TAMS 0x0000000085000000, 0x0000000085000000| Complete 
|  53|0x0000000085100000, 0x0000000085200000, 0x0000000085200000|100%| E|CS|TAMS 0x0000000085100000, 0x0000000085100000| Complete 
|  54|0x0000000085200000, 0x0000000085300000, 0x0000000085300000|100%| E|CS|TAMS 0x0000000085200000, 0x0000000085200000| Complete 
|  55|0x0000000085300000, 0x0000000085400000, 0x0000000085400000|100%| E|CS|TAMS 0x0000000085300000, 0x0000000085300000| Complete 
|  56|0x0000000085400000, 0x0000000085500000, 0x0000000085500000|100%| E|CS|TAMS 0x0000000085400000, 0x0000000085400000| Complete 
|  57|0x0000000085500000, 0x0000000085600000, 0x0000000085600000|100%| E|CS|TAMS 0x0000000085500000, 0x0000000085500000| Complete 
|  58|0x0000000085600000, 0x0000000085700000, 0x0000000085700000|100%| E|CS|TAMS 0x0000000085600000, 0x0000000085600000| Complete 
|  59|0x0000000085700000, 0x0000000085800000, 0x0000000085800000|100%| E|CS|TAMS 0x0000000085700000, 0x0000000085700000| Complete 
|  60|0x0000000085800000, 0x0000000085900000, 0x0000000085900000|100%| E|CS|TAMS 0x0000000085800000, 0x0000000085800000| Complete 
|  61|0x0000000085900000, 0x0000000085a00000, 0x0000000085a00000|100%| E|CS|TAMS 0x0000000085900000, 0x0000000085900000| Complete 
|  62|0x0000000085a00000, 0x0000000085b00000, 0x0000000085b00000|100%| E|CS|TAMS 0x0000000085a00000, 0x0000000085a00000| Complete 
|  63|0x0000000085b00000, 0x0000000085c00000, 0x0000000085c00000|100%| E|CS|TAMS 0x0000000085b00000, 0x0000000085b00000| Complete 
|  64|0x0000000085c00000, 0x0000000085d00000, 0x0000000085d00000|100%| E|CS|TAMS 0x0000000085c00000, 0x0000000085c00000| Complete 
|  65|0x0000000085d00000, 0x0000000085e00000, 0x0000000085e00000|100%| E|CS|TAMS 0x0000000085d00000, 0x0000000085d00000| Complete 
|  66|0x0000000085e00000, 0x0000000085f00000, 0x0000000085f00000|100%| E|CS|TAMS 0x0000000085e00000, 0x0000000085e00000| Complete 
|  67|0x0000000085f00000, 0x0000000086000000, 0x0000000086000000|100%| E|CS|TAMS 0x0000000085f00000, 0x0000000085f00000| Complete 
|  68|0x0000000086000000, 0x0000000086100000, 0x0000000086100000|100%| E|CS|TAMS 0x0000000086000000, 0x0000000086000000| Complete 
|  69|0x0000000086100000, 0x0000000086200000, 0x0000000086200000|100%| E|CS|TAMS 0x0000000086100000, 0x0000000086100000| Complete 
|  70|0x0000000086200000, 0x0000000086300000, 0x0000000086300000|100%| E|CS|TAMS 0x0000000086200000, 0x0000000086200000| Complete 
|  71|0x0000000086300000, 0x0000000086400000, 0x0000000086400000|100%| E|CS|TAMS 0x0000000086300000, 0x0000000086300000| Complete 
|  72|0x0000000086400000, 0x0000000086500000, 0x0000000086500000|100%| E|CS|TAMS 0x0000000086400000, 0x0000000086400000| Complete 
|  73|0x0000000086500000, 0x0000000086600000, 0x0000000086600000|100%| E|CS|TAMS 0x0000000086500000, 0x0000000086500000| Complete 
|  74|0x0000000086600000, 0x0000000086700000, 0x0000000086700000|100%| E|CS|TAMS 0x0000000086600000, 0x0000000086600000| Complete 
|  75|0x0000000086700000, 0x0000000086800000, 0x0000000086800000|100%| E|CS|TAMS 0x0000000086700000, 0x0000000086700000| Complete 
|  76|0x0000000086800000, 0x0000000086900000, 0x0000000086900000|100%| E|CS|TAMS 0x0000000086800000, 0x0000000086800000| Complete 
|  77|0x0000000086900000, 0x0000000086a00000, 0x0000000086a00000|100%| E|CS|TAMS 0x0000000086900000, 0x0000000086900000| Complete 
|  78|0x0000000086a00000, 0x0000000086b00000, 0x0000000086b00000|100%| E|CS|TAMS 0x0000000086a00000, 0x0000000086a00000| Complete 
|  79|0x0000000086b00000, 0x0000000086c00000, 0x0000000086c00000|100%| E|CS|TAMS 0x0000000086b00000, 0x0000000086b00000| Complete 
|  80|0x0000000086c00000, 0x0000000086d00000, 0x0000000086d00000|100%| E|CS|TAMS 0x0000000086c00000, 0x0000000086c00000| Complete 
|  81|0x0000000086d00000, 0x0000000086e00000, 0x0000000086e00000|100%| E|CS|TAMS 0x0000000086d00000, 0x0000000086d00000| Complete 
|  82|0x0000000086e00000, 0x0000000086f00000, 0x0000000086f00000|100%| E|CS|TAMS 0x0000000086e00000, 0x0000000086e00000| Complete 
|  83|0x0000000086f00000, 0x0000000087000000, 0x0000000087000000|100%| E|CS|TAMS 0x0000000086f00000, 0x0000000086f00000| Complete 
|  84|0x0000000087000000, 0x0000000087100000, 0x0000000087100000|100%| E|CS|TAMS 0x0000000087000000, 0x0000000087000000| Complete 
|  85|0x0000000087100000, 0x0000000087200000, 0x0000000087200000|100%| E|CS|TAMS 0x0000000087100000, 0x0000000087100000| Complete 
|  86|0x0000000087200000, 0x0000000087300000, 0x0000000087300000|100%| E|CS|TAMS 0x0000000087200000, 0x0000000087200000| Complete 
|  87|0x0000000087300000, 0x0000000087400000, 0x0000000087400000|100%| E|CS|TAMS 0x0000000087300000, 0x0000000087300000| Complete 
|  88|0x0000000087400000, 0x0000000087500000, 0x0000000087500000|100%| E|CS|TAMS 0x0000000087400000, 0x0000000087400000| Complete 
|  89|0x0000000087500000, 0x0000000087600000, 0x0000000087600000|100%| E|CS|TAMS 0x0000000087500000, 0x0000000087500000| Complete 
|  90|0x0000000087600000, 0x0000000087700000, 0x0000000087700000|100%| E|CS|TAMS 0x0000000087600000, 0x0000000087600000| Complete 
|  91|0x0000000087700000, 0x0000000087800000, 0x0000000087800000|100%| E|CS|TAMS 0x0000000087700000, 0x0000000087700000| Complete 
|  92|0x0000000087800000, 0x0000000087900000, 0x0000000087900000|100%| E|CS|TAMS 0x0000000087800000, 0x0000000087800000| Complete 
|  93|0x0000000087900000, 0x0000000087a00000, 0x0000000087a00000|100%| E|CS|TAMS 0x0000000087900000, 0x0000000087900000| Complete 
|  94|0x0000000087a00000, 0x0000000087b00000, 0x0000000087b00000|100%| E|CS|TAMS 0x0000000087a00000, 0x0000000087a00000| Complete 
|  95|0x0000000087b00000, 0x0000000087c00000, 0x0000000087c00000|100%| E|CS|TAMS 0x0000000087b00000, 0x0000000087b00000| Complete 
|  96|0x0000000087c00000, 0x0000000087d00000, 0x0000000087d00000|100%| E|CS|TAMS 0x0000000087c00000, 0x0000000087c00000| Complete 
|  97|0x0000000087d00000, 0x0000000087e00000, 0x0000000087e00000|100%| E|CS|TAMS 0x0000000087d00000, 0x0000000087d00000| Complete 
|  98|0x0000000087e00000, 0x0000000087f00000, 0x0000000087f00000|100%| E|CS|TAMS 0x0000000087e00000, 0x0000000087e00000| Complete 
|  99|0x0000000087f00000, 0x0000000088000000, 0x0000000088000000|100%| E|CS|TAMS 0x0000000087f00000, 0x0000000087f00000| Complete 
| 100|0x0000000088000000, 0x0000000088100000, 0x0000000088100000|100%| E|CS|TAMS 0x0000000088000000, 0x0000000088000000| Complete 
| 101|0x0000000088100000, 0x0000000088200000, 0x0000000088200000|100%| E|CS|TAMS 0x0000000088100000, 0x0000000088100000| Complete 
| 102|0x0000000088200000, 0x00000000882feca8, 0x0000000088300000| 99%| E|CS|TAMS 0x0000000088200000, 0x0000000088200000| Complete 
| 103|0x0000000088300000, 0x0000000088400000, 0x0000000088400000|100%| E|CS|TAMS 0x0000000088300000, 0x0000000088300000| Complete 
| 104|0x0000000088400000, 0x0000000088500000, 0x0000000088500000|100%| E|CS|TAMS 0x0000000088400000, 0x0000000088400000| Complete 
| 105|0x0000000088500000, 0x0000000088600000, 0x0000000088600000|100%| E|CS|TAMS 0x0000000088500000, 0x0000000088500000| Complete 
| 106|0x0000000088600000, 0x0000000088700000, 0x0000000088700000|100%| E|CS|TAMS 0x0000000088600000, 0x0000000088600000| Complete 
| 107|0x0000000088700000, 0x0000000088800000, 0x0000000088800000|100%| E|CS|TAMS 0x0000000088700000, 0x0000000088700000| Complete 
| 108|0x0000000088800000, 0x0000000088900000, 0x0000000088900000|100%| E|CS|TAMS 0x0000000088800000, 0x0000000088800000| Complete 
| 109|0x0000000088900000, 0x0000000088a00000, 0x0000000088a00000|100%| E|CS|TAMS 0x0000000088900000, 0x0000000088900000| Complete 
| 110|0x0000000088a00000, 0x0000000088b00000, 0x0000000088b00000|100%| E|CS|TAMS 0x0000000088a00000, 0x0000000088a00000| Complete 
| 111|0x0000000088b00000, 0x0000000088c00000, 0x0000000088c00000|100%| E|CS|TAMS 0x0000000088b00000, 0x0000000088b00000| Complete 
| 112|0x0000000088c00000, 0x0000000088d00000, 0x0000000088d00000|100%| E|CS|TAMS 0x0000000088c00000, 0x0000000088c00000| Complete 
| 113|0x0000000088d00000, 0x0000000088e00000, 0x0000000088e00000|100%| E|CS|TAMS 0x0000000088d00000, 0x0000000088d00000| Complete 
| 114|0x0000000088e00000, 0x0000000088f00000, 0x0000000088f00000|100%| E|CS|TAMS 0x0000000088e00000, 0x0000000088e00000| Complete 
| 115|0x0000000088f00000, 0x0000000089000000, 0x0000000089000000|100%| E|CS|TAMS 0x0000000088f00000, 0x0000000088f00000| Complete 
| 116|0x0000000089000000, 0x0000000089100000, 0x0000000089100000|100%| E|CS|TAMS 0x0000000089000000, 0x0000000089000000| Complete 
| 117|0x0000000089100000, 0x0000000089200000, 0x0000000089200000|100%| E|CS|TAMS 0x0000000089100000, 0x0000000089100000| Complete 
| 118|0x0000000089200000, 0x0000000089300000, 0x0000000089300000|100%| E|CS|TAMS 0x0000000089200000, 0x0000000089200000| Complete 
| 119|0x0000000089300000, 0x0000000089400000, 0x0000000089400000|100%| E|CS|TAMS 0x0000000089300000, 0x0000000089300000| Complete 
| 120|0x0000000089400000, 0x0000000089500000, 0x0000000089500000|100%| E|CS|TAMS 0x0000000089400000, 0x0000000089400000| Complete 
| 121|0x0000000089500000, 0x0000000089600000, 0x0000000089600000|100%| E|CS|TAMS 0x0000000089500000, 0x0000000089500000| Complete 
| 122|0x0000000089600000, 0x0000000089700000, 0x0000000089700000|100%| E|CS|TAMS 0x0000000089600000, 0x0000000089600000| Complete 
| 123|0x0000000089700000, 0x0000000089800000, 0x0000000089800000|100%| E|CS|TAMS 0x0000000089700000, 0x0000000089700000| Complete 
| 124|0x0000000089800000, 0x00000000898fc300, 0x0000000089900000| 98%| E|CS|TAMS 0x0000000089800000, 0x0000000089800000| Complete 
| 125|0x0000000089900000, 0x0000000089a00000, 0x0000000089a00000|100%| E|CS|TAMS 0x0000000089900000, 0x0000000089900000| Complete 
| 126|0x0000000089a00000, 0x0000000089b00000, 0x0000000089b00000|100%| E|CS|TAMS 0x0000000089a00000, 0x0000000089a00000| Complete 
| 127|0x0000000089b00000, 0x0000000089c00000, 0x0000000089c00000|100%| E|CS|TAMS 0x0000000089b00000, 0x0000000089b00000| Complete 

Card table byte_map: [0x000001d2f6b90000,0x000001d2f6f90000] _byte_map_base: 0x000001d2f6782000

Marking Bits (Prev, Next): (CMBitMap*) 0x000001d2f23d78d8, (CMBitMap*) 0x000001d2f23d7910
 Prev Bits: [0x000001d2f7390000, 0x000001d2f9320000)
 Next Bits: [0x000001d2f9320000, 0x000001d2fb2b0000)

Polling page: 0x000001d2f01a0000

Metaspace:

Usage:
  Non-class:      4.49 MB capacity,     1.89 MB ( 42%) used,     2.60 MB ( 58%) free+waste,     3.00 KB ( <1%) overhead. 
      Class:    478.00 KB capacity,   184.77 KB ( 39%) used,   291.48 KB ( 61%) free+waste,     1.75 KB ( <1%) overhead. 
       Both:      4.96 MB capacity,     2.07 MB ( 42%) used,     2.89 MB ( 58%) free+waste,     4.75 KB ( <1%) overhead. 

Virtual space:
  Non-class space:        8.00 MB reserved,       4.50 MB ( 56%) committed 
      Class space:        1.00 GB reserved,     512.00 KB ( <1%) committed 
             Both:        1.01 GB reserved,       5.00 MB ( <1%) committed 

Chunk freelists:
   Non-Class:  6.00 KB
       Class:  2.00 KB
        Both:  8.00 KB

MaxMetaspaceSize: 17179869184.00 GB
CompressedClassSpaceSize: 1.00 GB

CodeHeap 'non-profiled nmethods': size=120000Kb used=152Kb max_used=152Kb free=119848Kb
 bounds [0x000001d287ad0000, 0x000001d287d40000, 0x000001d28f000000]
CodeHeap 'profiled nmethods': size=120000Kb used=897Kb max_used=897Kb free=119102Kb
 bounds [0x000001d2805a0000, 0x000001d280810000, 0x000001d287ad0000]
CodeHeap 'non-nmethods': size=5760Kb used=1082Kb max_used=1094Kb free=4677Kb
 bounds [0x000001d280000000, 0x000001d280270000, 0x000001d2805a0000]
 total_blobs=1291 nmethods=534 adapters=288
 compilation: enabled
              stopped_count=0, restarted_count=0
 full_count=0

Compilation events (20 events):
Event: 19.790 Thread 0x000001d2fdd0c800  525       3       sun.nio.ch.Util::offerFirstTemporaryDirectBuffer (53 bytes)
Event: 19.790 Thread 0x000001d2fdd0c800 nmethod 525 0x000001d28067bf10 code [0x000001d28067c180, 0x000001d28067cbe0]
Event: 19.790 Thread 0x000001d2fdd0c800  526       3       sun.nio.ch.Util::isBufferTooLarge (8 bytes)
Event: 19.791 Thread 0x000001d2fdd0c800 nmethod 526 0x000001d28067ce90 code [0x000001d28067d040, 0x000001d28067d258]
Event: 19.791 Thread 0x000001d2fdd0c800  527       3       sun.nio.ch.Util$BufferCache::offerFirst (73 bytes)
Event: 19.791 Thread 0x000001d2fdd0c800 nmethod 527 0x000001d28067d310 code [0x000001d28067d4e0, 0x000001d28067d8b8]
Event: 19.796 Thread 0x000001d2fdd0c800  528   !   3       sun.nio.ch.NativeThreadSet::add (155 bytes)
Event: 19.797 Thread 0x000001d2fdd0c800 nmethod 528 0x000001d28067da10 code [0x000001d28067dc00, 0x000001d28067e370]
Event: 19.797 Thread 0x000001d2fdd0c800  529   !   3       sun.nio.ch.IOUtil::read (129 bytes)
Event: 19.798 Thread 0x000001d2fdd0c800 nmethod 529 0x000001d28067e610 code [0x000001d28067e880, 0x000001d28067f1d0]
Event: 19.798 Thread 0x000001d2fdd0c800  530   !   3       sun.nio.ch.NativeThreadSet::remove (50 bytes)
Event: 19.798 Thread 0x000001d2fdd0c800 nmethod 530 0x000001d28067f590 code [0x000001d28067f760, 0x000001d28067fb90]
Event: 19.862 Thread 0x000001d2fdcfe000  531       4       java.nio.Buffer::position (55 bytes)
Event: 19.863 Thread 0x000001d2fdcfe000 nmethod 531 0x000001d287af5910 code [0x000001d287af5aa0, 0x000001d287af5b78]
Event: 19.872 Thread 0x000001d2fdd0c800  532       1       sun.nio.fs.WindowsFileSystem::provider (5 bytes)
Event: 19.873 Thread 0x000001d2fdd0c800 nmethod 532 0x000001d287af5c90 code [0x000001d287af5e40, 0x000001d287af5f78]
Event: 19.891 Thread 0x000001d2fdd0c800  533       3       java.util.zip.Inflater::ensureOpen (47 bytes)
Event: 19.892 Thread 0x000001d2fdd0c800 nmethod 533 0x000001d28067fd10 code [0x000001d28067fee0, 0x000001d2806801d0]
Event: 19.892 Thread 0x000001d2fdd0c800  534       3       java.lang.ref.Reference::clear (6 bytes)
Event: 19.892 Thread 0x000001d2fdd0c800 nmethod 534 0x000001d280680310 code [0x000001d2806804c0, 0x000001d280680658]

GC Heap History (3 events):
Event: 19.885 GC heap before
{Heap before GC invocations=0 (full 0):
 garbage-first heap   total 131072K, used 49152K [0x0000000081c00000, 0x0000000100000000)
  region size 1024K, 24 young (24576K), 0 survivors (0K)
 Metaspace       used 2115K, capacity 5080K, committed 5120K, reserved 1056768K
  class space    used 184K, capacity 478K, committed 512K, reserved 1048576K
}
Event: 19.891 GC heap after
{Heap after GC invocations=1 (full 0):
 garbage-first heap   total 131072K, used 2043K [0x0000000081c00000, 0x0000000100000000)
  region size 1024K, 2 young (2048K), 2 survivors (2048K)
 Metaspace       used 2115K, capacity 5080K, committed 5120K, reserved 1056768K
  class space    used 184K, capacity 478K, committed 512K, reserved 1048576K
}
Event: 19.979 GC heap before
{Heap before GC invocations=1 (full 0):
 garbage-first heap   total 131072K, used 76795K [0x0000000081c00000, 0x0000000100000000)
  region size 1024K, 76 young (77824K), 2 survivors (2048K)
 Metaspace       used 2119K, capacity 5080K, committed 5120K, reserved 1056768K
  class space    used 184K, capacity 478K, committed 512K, reserved 1048576K
}

Deoptimization events (16 events):
Event: 0.162 Thread 0x000001d2f2397800 Uncommon trap: trap_request=0xffffffde fr.pc=0x000001d287adf420 relative=0x0000000000000aa0
Event: 0.162 Thread 0x000001d2f2397800 Uncommon trap: reason=class_check action=maybe_recompile pc=0x000001d287adf420 method=java.util.HashMap.putVal(ILjava/lang/Object;Ljava/lang/Object;ZZ)Ljava/lang/Object; @ 152 c2
Event: 0.162 Thread 0x000001d2f2397800 DEOPT PACKING pc=0x000001d287adf420 sp=0x000000bfeeefe760
Event: 0.162 Thread 0x000001d2f2397800 DEOPT UNPACKING pc=0x000001d28002922f sp=0x000000bfeeefe6e0 mode 2
Event: 0.208 Thread 0x000001d2f2397800 Uncommon trap: trap_request=0xffffffde fr.pc=0x000001d287adf420 relative=0x0000000000000aa0
Event: 0.208 Thread 0x000001d2f2397800 Uncommon trap: reason=class_check action=maybe_recompile pc=0x000001d287adf420 method=java.util.HashMap.putVal(ILjava/lang/Object;Ljava/lang/Object;ZZ)Ljava/lang/Object; @ 152 c2
Event: 0.208 Thread 0x000001d2f2397800 DEOPT PACKING pc=0x000001d287adf420 sp=0x000000bfeeefcae0
Event: 0.208 Thread 0x000001d2f2397800 DEOPT UNPACKING pc=0x000001d28002922f sp=0x000000bfeeefca60 mode 2
Event: 0.208 Thread 0x000001d2f2397800 Uncommon trap: trap_request=0xffffffde fr.pc=0x000001d287adf420 relative=0x0000000000000aa0
Event: 0.208 Thread 0x000001d2f2397800 Uncommon trap: reason=class_check action=maybe_recompile pc=0x000001d287adf420 method=java.util.HashMap.putVal(ILjava/lang/Object;Ljava/lang/Object;ZZ)Ljava/lang/Object; @ 152 c2
Event: 0.208 Thread 0x000001d2f2397800 DEOPT PACKING pc=0x000001d287adf420 sp=0x000000bfeeefcae0
Event: 0.208 Thread 0x000001d2f2397800 DEOPT UNPACKING pc=0x000001d28002922f sp=0x000000bfeeefca60 mode 2
Event: 0.208 Thread 0x000001d2f2397800 Uncommon trap: trap_request=0xffffffde fr.pc=0x000001d287adf420 relative=0x0000000000000aa0
Event: 0.208 Thread 0x000001d2f2397800 Uncommon trap: reason=class_check action=maybe_recompile pc=0x000001d287adf420 method=java.util.HashMap.putVal(ILjava/lang/Object;Ljava/lang/Object;ZZ)Ljava/lang/Object; @ 152 c2
Event: 0.208 Thread 0x000001d2f2397800 DEOPT PACKING pc=0x000001d287adf420 sp=0x000000bfeeefcae0
Event: 0.208 Thread 0x000001d2f2397800 DEOPT UNPACKING pc=0x000001d28002922f sp=0x000000bfeeefca60 mode 2

Classes redefined (0 events):
No events

Internal exceptions (1 events):
Event: 0.213 Thread 0x000001d2f2397800 Exception <a 'sun/nio/fs/WindowsException'{0x00000000899c58a8}> (0x00000000899c58a8) thrown at [c:/BuildAgent/work/5ff2f6c26000d570/src/hotspot/share/prims/jni.cpp, line 615]

Events (20 events):
Event: 19.518 loading class Actors/Knight
Event: 19.518 loading class Actors/Knight done
Event: 19.528 loading class java/io/FileNotFoundException
Event: 19.528 loading class java/io/FileNotFoundException done
Event: 19.528 loading class java/lang/NumberFormatException
Event: 19.528 loading class java/lang/NumberFormatException done
Event: 19.528 loading class GameDriver/guideMap
Event: 19.528 loading class GameDriver/guideMap done
Event: 19.540 loading class GameDriver/Velocity
Event: 19.540 loading class GameDriver/Velocity done
Event: 19.541 loading class GameDriver/PositionQueue
Event: 19.541 loading class GameDriver/PositionQueue done
Event: 19.543 loading class GameDriver/Musiccall
Event: 19.543 loading class GameDriver/Musiccall done
Event: 19.544 loading class Actors/Music
Event: 19.544 loading class Actors/Music done
Event: 19.884 Executing VM operation: G1CollectForAllocation
Event: 19.891 Executing VM operation: G1CollectForAllocation done
Event: 19.900 Thread 0x000001d2fe7b8800 Thread added: 0x000001d2fe7b8800
Event: 19.979 Executing VM operation: G1CollectForAllocation


Dynamic libraries:
0x00007ff736310000 - 0x00007ff73631a000 	D:\Idea\IntelliJ IDEA 2019.3.3\jbr\bin\java.exe
0x00007ffbe2680000 - 0x00007ffbe2870000 	C:\WINDOWS\SYSTEM32\ntdll.dll
0x00007ffbe1c10000 - 0x00007ffbe1cc2000 	C:\WINDOWS\System32\KERNEL32.DLL
0x00007ffbdfae0000 - 0x00007ffbdfd84000 	C:\WINDOWS\System32\KERNELBASE.dll
0x00007ffbe0590000 - 0x00007ffbe068a000 	C:\WINDOWS\System32\ucrtbase.dll
0x00007ffbd6ab0000 - 0x00007ffbd6ac9000 	D:\Idea\IntelliJ IDEA 2019.3.3\jbr\bin\jli.dll
0x00007ffbd8510000 - 0x00007ffbd8527000 	D:\Idea\IntelliJ IDEA 2019.3.3\jbr\bin\VCRUNTIME140.dll
0x00007ffbe22b0000 - 0x00007ffbe2444000 	C:\WINDOWS\System32\USER32.dll
0x00007ffbcef50000 - 0x00007ffbcf1d4000 	C:\WINDOWS\WinSxS\amd64_microsoft.windows.common-controls_6595b64144ccf1df_6.0.18362.836_none_e6c4b943130f18ed\COMCTL32.dll
0x00007ffbdfd90000 - 0x00007ffbdfdb1000 	C:\WINDOWS\System32\win32u.dll
0x00007ffbe18a0000 - 0x00007ffbe193e000 	C:\WINDOWS\System32\msvcrt.dll
0x00007ffbe07e0000 - 0x00007ffbe0806000 	C:\WINDOWS\System32\GDI32.dll
0x00007ffbe1d50000 - 0x00007ffbe2086000 	C:\WINDOWS\System32\combase.dll
0x00007ffbdf740000 - 0x00007ffbdf8d4000 	C:\WINDOWS\System32\gdi32full.dll
0x00007ffbe1610000 - 0x00007ffbe1730000 	C:\WINDOWS\System32\RPCRT4.dll
0x00007ffbe0690000 - 0x00007ffbe072e000 	C:\WINDOWS\System32\msvcp_win.dll
0x00007ffbdf6c0000 - 0x00007ffbdf740000 	C:\WINDOWS\System32\bcryptPrimitives.dll
0x00007ffbe1730000 - 0x00007ffbe175e000 	C:\WINDOWS\System32\IMM32.DLL
0x00007ffbc6d00000 - 0x00007ffbc6d9d000 	D:\Idea\IntelliJ IDEA 2019.3.3\jbr\bin\msvcp140.dll
0x00007ffbc7ea0000 - 0x00007ffbc895b000 	D:\Idea\IntelliJ IDEA 2019.3.3\jbr\bin\server\jvm.dll
0x00007ffbe17f0000 - 0x00007ffbe1893000 	C:\WINDOWS\System32\ADVAPI32.dll
0x00007ffbe1a40000 - 0x00007ffbe1ad7000 	C:\WINDOWS\System32\sechost.dll
0x00007ffbe1760000 - 0x00007ffbe1768000 	C:\WINDOWS\System32\PSAPI.DLL
0x00007ffbcccc0000 - 0x00007ffbcccc9000 	C:\WINDOWS\SYSTEM32\WSOCK32.dll
0x00007ffbe1940000 - 0x00007ffbe19af000 	C:\WINDOWS\System32\WS2_32.dll
0x00007ffbdd060000 - 0x00007ffbdd084000 	C:\WINDOWS\SYSTEM32\WINMM.dll
0x00007ffbd8e50000 - 0x00007ffbd8e5a000 	C:\WINDOWS\SYSTEM32\VERSION.dll
0x00007ffbdd030000 - 0x00007ffbdd05d000 	C:\WINDOWS\SYSTEM32\WINMMBASE.dll
0x00007ffbe0540000 - 0x00007ffbe058a000 	C:\WINDOWS\System32\cfgmgr32.dll
0x00007ffbdf570000 - 0x00007ffbdf581000 	C:\WINDOWS\System32\kernel.appcore.dll
0x00007ffbdaa50000 - 0x00007ffbdaa61000 	D:\Idea\IntelliJ IDEA 2019.3.3\jbr\bin\verify.dll
0x00007ffbcd5b0000 - 0x00007ffbcd7a4000 	C:\WINDOWS\SYSTEM32\DBGHELP.DLL
0x00007ffbcd500000 - 0x00007ffbcd52a000 	C:\WINDOWS\SYSTEM32\dbgcore.DLL
0x00007ffbd8be0000 - 0x00007ffbd8c09000 	D:\Idea\IntelliJ IDEA 2019.3.3\jbr\bin\java.dll
0x00007ffbdaad0000 - 0x00007ffbdaadf000 	D:\Idea\IntelliJ IDEA 2019.3.3\jbr\bin\instrument.dll
0x00007ffbd8f90000 - 0x00007ffbd8fa7000 	D:\Idea\IntelliJ IDEA 2019.3.3\jbr\bin\zip.dll
0x00007ffbdd690000 - 0x00007ffbdd69b000 	D:\Idea\IntelliJ IDEA 2019.3.3\jbr\bin\jimage.dll
0x00007ffbe0820000 - 0x00007ffbe0f04000 	C:\WINDOWS\System32\SHELL32.dll
0x00007ffbe0730000 - 0x00007ffbe07d9000 	C:\WINDOWS\System32\shcore.dll
0x00007ffbdfdc0000 - 0x00007ffbe053e000 	C:\WINDOWS\System32\windows.storage.dll
0x00007ffbdf590000 - 0x00007ffbdf5b3000 	C:\WINDOWS\System32\profapi.dll
0x00007ffbdf5c0000 - 0x00007ffbdf60a000 	C:\WINDOWS\System32\powrprof.dll
0x00007ffbdf540000 - 0x00007ffbdf550000 	C:\WINDOWS\System32\UMPDC.dll
0x00007ffbe0f10000 - 0x00007ffbe0f62000 	C:\WINDOWS\System32\shlwapi.dll
0x00007ffbdf8e0000 - 0x00007ffbdf8f7000 	C:\WINDOWS\System32\cryptsp.dll
0x00007ffbd8b50000 - 0x00007ffbd8b6a000 	D:\Idea\IntelliJ IDEA 2019.3.3\jbr\bin\net.dll
0x00007ffbd99c0000 - 0x00007ffbd9ab0000 	C:\WINDOWS\SYSTEM32\WINHTTP.dll
0x00007ffbdedb0000 - 0x00007ffbdee17000 	C:\WINDOWS\system32\mswsock.dll
0x00007ffbd8a20000 - 0x00007ffbd8a34000 	D:\Idea\IntelliJ IDEA 2019.3.3\jbr\bin\nio.dll
0x00007ffbd1ba0000 - 0x00007ffbd1bba000 	D:\Idea\IntelliJ IDEA 2019.3.3\bin\breakgen64.dll
0x0000000070440000 - 0x0000000070682000 	C:\Users\17722\.jsfml\windows_x64\libsndfile-1.dll
0x00007ffbc8960000 - 0x00007ffbc89cc000 	C:\Users\17722\.jsfml\windows_x64\openal32.dll
0x00007ffbd8f70000 - 0x00007ffbd8f7e000 	C:\Users\17722\.jsfml\windows_x64\sfml-system-2.dll
0x0000000067400000 - 0x00000000674d2000 	C:\WINDOWS\SYSTEM32\MSVCR100.dll
0x0000000067360000 - 0x00000000673f8000 	C:\WINDOWS\SYSTEM32\MSVCP100.dll
0x00007ffbd1330000 - 0x00007ffbd1344000 	C:\Users\17722\.jsfml\windows_x64\sfml-window-2.dll
0x00007ffbc4f10000 - 0x00007ffbc5066000 	C:\WINDOWS\SYSTEM32\OPENGL32.dll
0x00007ffbce540000 - 0x00007ffbce56c000 	C:\WINDOWS\SYSTEM32\GLU32.dll
0x00007ffbde1b0000 - 0x00007ffbde1d0000 	C:\WINDOWS\SYSTEM32\dxcore.dll
0x00007ffbce9e0000 - 0x00007ffbce9f3000 	C:\Users\17722\.jsfml\windows_x64\sfml-audio-2.dll
0x00007ffbc3ff0000 - 0x00007ffbc40d9000 	C:\Users\17722\.jsfml\windows_x64\sfml-graphics-2.dll
0x00007ffbc9d90000 - 0x00007ffbc9dc5000 	C:\Users\17722\.jsfml\windows_x64\jsfml.dll
0x00007ffbdd8b0000 - 0x00007ffbdd949000 	C:\WINDOWS\system32\uxtheme.dll
0x00007ffbe2500000 - 0x00007ffbe2636000 	C:\WINDOWS\System32\MSCTF.dll
0x00007ffbe0f70000 - 0x00007ffbe1034000 	C:\WINDOWS\System32\OLEAUT32.dll
0x00007ffb92a60000 - 0x00007ffb939bc000 	C:\WINDOWS\System32\DriverStore\FileRepository\iigd_dch.inf_amd64_38bfcb542ef4272e\ig9icd64.dll
0x00007ffbe14b0000 - 0x00007ffbe1607000 	C:\WINDOWS\System32\OLE32.DLL
0x00007ffbddce0000 - 0x00007ffbddd0d000 	C:\WINDOWS\SYSTEM32\dwmapi.dll
0x00007ffbde240000 - 0x00007ffbde32b000 	C:\WINDOWS\system32\dxgi.dll
0x00007ffbd6c90000 - 0x00007ffbd6de2000 	C:\WINDOWS\System32\DriverStore\FileRepository\iigd_dch.inf_amd64_38bfcb542ef4272e\igdgmm64.dll
0x00007ffbd2300000 - 0x00007ffbd4656000 	C:\WINDOWS\System32\DriverStore\FileRepository\iigd_dch.inf_amd64_38bfcb542ef4272e\igc64.dll
0x00007ffbc4540000 - 0x00007ffbc45d9000 	C:\WINDOWS\SYSTEM32\dsound.dll
0x00007ffbe2450000 - 0x00007ffbe24f2000 	C:\WINDOWS\System32\clbcatq.dll
0x00007ffbd6680000 - 0x00007ffbd66f2000 	C:\WINDOWS\System32\MMDevApi.dll
0x00007ffbdf360000 - 0x00007ffbdf38a000 	C:\WINDOWS\System32\DEVOBJ.dll
0x00007ffbd64b0000 - 0x00007ffbd660d000 	C:\WINDOWS\SYSTEM32\AUDIOSES.DLL
0x00007ffbdb170000 - 0x00007ffbdb2c3000 	C:\WINDOWS\SYSTEM32\wintypes.dll
0x00007ffbddbf0000 - 0x00007ffbddc04000 	C:\WINDOWS\SYSTEM32\resourcepolicyclient.dll
0x00007ffbbff10000 - 0x00007ffbc0061000 	C:\Windows\System32\Windows.UI.dll
0x00007ffbbfdf0000 - 0x00007ffbbff0b000 	C:\Windows\System32\InputHost.dll
0x00007ffbc01e0000 - 0x00007ffbc027e000 	C:\Windows\System32\TextInputFramework.dll
0x00007ffbdb380000 - 0x00007ffbdb6aa000 	C:\Windows\System32\CoreUIComponents.dll
0x00007ffbdd430000 - 0x00007ffbdd504000 	C:\Windows\System32\CoreMessaging.dll
0x00007ffbde5a0000 - 0x00007ffbde5d1000 	C:\WINDOWS\SYSTEM32\ntmarta.dll
0x00007ffbdbef0000 - 0x00007ffbdbfe0000 	C:\Windows\System32\PROPSYS.dll
0x00007ffbdb970000 - 0x00007ffbdb97a000 	C:\WINDOWS\SYSTEM32\avrt.dll
0x00007ffbc9770000 - 0x00007ffbc979e000 	C:\WINDOWS\SYSTEM32\DINPUT.DLL
0x00007ffbde150000 - 0x00007ffbde15e000 	C:\WINDOWS\SYSTEM32\HID.DLL
0x00007ffbe1040000 - 0x00007ffbe14b0000 	C:\WINDOWS\System32\SETUPAPI.DLL
0x00007ffbdfa50000 - 0x00007ffbdfa76000 	C:\WINDOWS\System32\bcrypt.dll
0x00007ffbdfa80000 - 0x00007ffbdfadc000 	C:\WINDOWS\System32\WINTRUST.dll
0x00007ffbdf550000 - 0x00007ffbdf562000 	C:\WINDOWS\System32\MSASN1.dll
0x00007ffbdf900000 - 0x00007ffbdfa49000 	C:\WINDOWS\System32\CRYPT32.dll

dbghelp: loaded successfully - version: 4.0.5 - missing functions: none
symbol engine: initialized successfully - sym options: 0x614 - pdb path: .;D:\Idea\IntelliJ IDEA 2019.3.3\jbr\bin;C:\WINDOWS\SYSTEM32;C:\WINDOWS\WinSxS\amd64_microsoft.windows.common-controls_6595b64144ccf1df_6.0.18362.836_none_e6c4b943130f18ed;D:\Idea\IntelliJ IDEA 2019.3.3\jbr\bin\server;D:\Idea\IntelliJ IDEA 2019.3.3\bin;C:\Users\17722\.jsfml\windows_x64;C:\WINDOWS\System32\DriverStore\FileRepository\iigd_dch.inf_amd64_38bfcb542ef4272e

VM Arguments:
jvm_args: -javaagent:D:\Idea\IntelliJ IDEA 2019.3.3\lib\idea_rt.jar=52592:D:\Idea\IntelliJ IDEA 2019.3.3\bin -Dfile.encoding=GBK 
java_command: mainGameStarter
java_class_path (initial): D:\gitGroupProject\Git Code\WarriorsExpedition_Program\out\production\WarriorsExpedition_Program;D:\gitGroupProject\Git Code\WarriorsExpedition_Program\lib\jsfml-test.jar;D:\gitGroupProject\Git Code\WarriorsExpedition_Program\lib\jsfml.jar
Launcher Type: SUN_STANDARD

[Global flags]
     intx CICompilerCount                          = 4                                         {product} {ergonomic}
     uint ConcGCThreads                            = 2                                         {product} {ergonomic}
     uint G1ConcRefinementThreads                  = 8                                         {product} {ergonomic}
   size_t G1HeapRegionSize                         = 1048576                                   {product} {ergonomic}
    uintx GCDrainStackTargetSize                   = 64                                        {product} {ergonomic}
   size_t InitialHeapSize                          = 134217728                                 {product} {ergonomic}
   size_t MarkStackSize                            = 4194304                                   {product} {ergonomic}
   size_t MaxHeapSize                              = 2118123520                                {product} {ergonomic}
   size_t MaxNewSize                               = 1270874112                                {product} {ergonomic}
   size_t MinHeapDeltaBytes                        = 1048576                                   {product} {ergonomic}
    uintx NonNMethodCodeHeapSize                   = 5836300                                {pd product} {ergonomic}
    uintx NonProfiledCodeHeapSize                  = 122910970                              {pd product} {ergonomic}
    uintx ProfiledCodeHeapSize                     = 122910970                              {pd product} {ergonomic}
    uintx ReservedCodeCacheSize                    = 251658240                              {pd product} {ergonomic}
     bool SegmentedCodeCache                       = true                                      {product} {ergonomic}
     bool UseCompressedClassPointers               = true                                 {lp64_product} {ergonomic}
     bool UseCompressedOops                        = true                                 {lp64_product} {ergonomic}
     bool UseG1GC                                  = true                                      {product} {ergonomic}
     bool UseLargePagesIndividualAllocation        = false                                  {pd product} {ergonomic}

Logging:
Log output configuration:
 #0: stdout all=warning uptime,level,tags
 #1: stderr all=off uptime,level,tags

Environment Variables:
JAVA_HOME=C:\Program Files\Java\jre1.8.0_171
JRE_HOME=C:\Program Files\Java\jre1.8.0_241
CLASSPATH=.;C:\Program Files\Java\jre1.8.0_171\lib;C:\Program Files\Java\jre1.8.0_171\lib\tools.jar;D:\Tomcat\apache-tomcat-7.0.100\lib\servlet-api.jar;
PATH=C:\Program Files (x86)\Common Files\Oracle\Java\javapath;C:\Windows\system32;C:\Windows;C:\Windows\System32\Wbem;C:\Windows\System32\WindowsPowerShell\v1.0\;C:\Windows\System32\OpenSSH\;C:\Program Files (x86)\Intel\Intel(R) Management Engine Components\DAL;C:\Program Files\Intel\Intel(R) Management Engine Components\DAL;C:\Program Files\Intel\WiFi\bin\;C:\Program Files\Common Files\Intel\WirelessCommon\;C:\Program Files (x86)\NVIDIA Corporation\PhysX\Common;"C:\Program Files\Java\jre1.8.0_171\bin;C:\Program Files\Java\jre1.8.0_171\jre\bin";D:\MatLab Software\bin;D:\SPSS\JRE\bin;C:\WINDOWS\system32;C:\WINDOWS;C:\WINDOWS\System32\Wbem;C:\WINDOWS\System32\WindowsPowerShell\v1.0\;C:\WINDOWS\System32\OpenSSH\;C:\Program Files (x86)\GtkSharp\2.12\bin;C:\Program Files\MySQL\MySQL Server 8.0\bin;D:\Tomcat\apache-tomcat-7.0.100\bin;D:\Tomcat\apache-tomcat-7.0.100\lib;C:\Program Files\Git\cmd;C:\Program Files\MySQL\MySQL Shell 8.0\bin\;D:\Python\Scripts\;D:\Python\;C:\Users\17722\AppData\Local\Microsoft\WindowsApps;
USERNAME=17722
OS=Windows_NT
PROCESSOR_IDENTIFIER=Intel64 Family 6 Model 142 Stepping 11, GenuineIntel



---------------  S Y S T E M  ---------------

OS: Windows 10 , 64 bit Build 18362 (10.0.18362.778)

CPU:total 8 (initial active 8) (4 cores per cpu, 2 threads per core) family 6 model 142 stepping 11, cmov, cx8, fxsr, mmx, sse, sse2, sse3, ssse3, sse4.1, sse4.2, popcnt, avx, avx2, aes, clmul, erms, 3dnowpref, lzcnt, ht, tsc, tscinvbit, bmi1, bmi2, adx, fma

Memory: 4k page, system-wide physical 8074M (767M free)
TotalPageFile size 26824M (AvailPageFile size 0M)
current process WorkingSet (physical memory assigned to process): 2893M, peak: 3123M
current process commit charge ("private bytes"): 4565M, peak: 4633M

vm_info: OpenJDK 64-Bit Server VM (11.0.5+10-b520.38) for windows-amd64 JRE (11.0.5+10-b520.38), built on Jan 23 2020 07:58:32 by "" with MS VC++ 14.0 (VS2015)

END.
