#
# There is insufficient memory for the Java Runtime Environment to continue.
# Native memory allocation (mmap) failed to map 95420416 bytes for Failed to commit area from 0x000000008d000000 to 0x0000000092b00000 of length 95420416.
# Possible reasons:
#   The system is out of physical RAM or swap space
#   The process is running with CompressedOops enabled, and the Java Heap may be blocking the growth of the native heap
# Possible solutions:
#   Reduce memory load on the system
#   Increase physical memory or swap space
#   Check if swap backing store is full
#   Decrease Java heap size (-Xmx/-Xms)
#   Decrease number of Java threads
#   Decrease Java thread stack sizes (-Xss)
#   Set larger code cache with -XX:ReservedCodeCacheSize=
#   JVM is running with Unscaled Compressed Oops mode in which the Java heap is
#     placed in the first 4GB address space. The Java Heap base address is the
#     maximum limit for the native heap growth. Please use -XX:HeapBaseMinAddress
#     to set the Java Heap base and to place the Java Heap above 4GB virtual address.
# This output file may be truncated or incomplete.
#
#  Out of Memory Error (c:/BuildAgent/work/5ff2f6c26000d570/src/hotspot/os/windows/os_windows.cpp:3291), pid=1432, tid=8368
#
# JRE version: OpenJDK Runtime Environment (11.0.5+10) (build 11.0.5+10-b520.38)
# Java VM: OpenJDK 64-Bit Server VM (11.0.5+10-b520.38, mixed mode, sharing, tiered, compressed oops, g1 gc, windows-amd64)
# No core dump will be written. Minidumps are not enabled by default on client versions of Windows
#

---------------  S U M M A R Y ------------

Command Line: -javaagent:D:\Idea\IntelliJ IDEA 2019.3.3\lib\idea_rt.jar=52768:D:\Idea\IntelliJ IDEA 2019.3.3\bin -Dfile.encoding=GBK mainGameStarter

Host: Intel(R) Core(TM) i5-8265U CPU @ 1.60GHz, 8 cores, 7G,  Windows 10 , 64 bit Build 18362 (10.0.18362.778)
Time: Sat May 16 22:02:29 2020 ?D1¨²¡À¨º¡Á?¨º¡À?? elapsed time: 21 seconds (0d 0h 0m 21s)

---------------  T H R E A D  ---------------

Current thread (0x000002141c99e000):  VMThread "VM Thread" [stack: 0x000000fc2e000000,0x000000fc2e100000] [id=8368]

Stack: [0x000000fc2e000000,0x000000fc2e100000]
[error occurred during error reporting (printing stack bounds), id 0xc0000005, EXCEPTION_ACCESS_VIOLATION (0xc0000005) at pc=0x0000021406140dad]

Native frames: (J=compiled Java code, j=interpreted, Vv=VM code, C=native code)
V  [jvm.dll+0x5dcafa]
V  [jvm.dll+0x70e375]
V  [jvm.dll+0x70f898]
V  [jvm.dll+0x70fec5]
V  [jvm.dll+0x70fe7b]
V  [jvm.dll+0x5dc288]
V  [jvm.dll+0x5dc6e8]
C  [ntdll.dll+0xa11cf]
C  [ntdll.dll+0x6a209]
C  [ntdll.dll+0x9fe3e]
C  0x0000021406140dad

VM_Operation (0x000000fc2dafeb80): G1CollectForAllocation, mode: safepoint, requested by thread 0x0000021402077800


---------------  P R O C E S S  ---------------

Threads class SMR info:
_java_thread_list=0x0000021434c3e160, length=13, elements={
0x0000021402077800, 0x000002141c9a0000, 0x000002141c9a1000, 0x000002141c9b8800,
0x000002141c9bb800, 0x000002141c9bf800, 0x000002141c9ce000, 0x000002141c9cf800,
0x000002141d350000, 0x000002141d3d3000, 0x000002141d3d4000, 0x0000021434d9a000,
0x0000021434ec3000
}

Java Threads: ( => current thread )
  0x0000021402077800 JavaThread "main" [_thread_blocked, id=7440, stack(0x000000fc2da00000,0x000000fc2db00000)]
  0x000002141c9a0000 JavaThread "Reference Handler" daemon [_thread_blocked, id=16112, stack(0x000000fc2e100000,0x000000fc2e200000)]
  0x000002141c9a1000 JavaThread "Finalizer" daemon [_thread_blocked, id=9088, stack(0x000000fc2e200000,0x000000fc2e300000)]
  0x000002141c9b8800 JavaThread "Signal Dispatcher" daemon [_thread_blocked, id=2376, stack(0x000000fc2e300000,0x000000fc2e400000)]
  0x000002141c9bb800 JavaThread "Attach Listener" daemon [_thread_blocked, id=3740, stack(0x000000fc2e400000,0x000000fc2e500000)]
  0x000002141c9bf800 JavaThread "C2 CompilerThread0" daemon [_thread_blocked, id=4492, stack(0x000000fc2e500000,0x000000fc2e600000)]
  0x000002141c9ce000 JavaThread "C1 CompilerThread0" daemon [_thread_blocked, id=6108, stack(0x000000fc2e600000,0x000000fc2e700000)]
  0x000002141c9cf800 JavaThread "Sweeper thread" daemon [_thread_blocked, id=15684, stack(0x000000fc2e700000,0x000000fc2e800000)]
  0x000002141d350000 JavaThread "Common-Cleaner" daemon [_thread_blocked, id=8076, stack(0x000000fc2e800000,0x000000fc2e900000)]
  0x000002141d3d3000 JavaThread "Monitor Ctrl-Break" daemon [_thread_in_native, id=15028, stack(0x000000fc2e900000,0x000000fc2ea00000)]
  0x000002141d3d4000 JavaThread "Service Thread" daemon [_thread_blocked, id=16272, stack(0x000000fc2ea00000,0x000000fc2eb00000)]
  0x0000021434d9a000 JavaThread "Thread-0" [_thread_blocked, id=1944, stack(0x000000fc2f900000,0x000000fc2fa00000)]
  0x0000021434ec3000 JavaThread "C2 CompilerThread1" daemon [_thread_blocked, id=500, stack(0x000000fc2fc00000,0x000000fc2fd00000)]

Other Threads:
=>0x000002141c99e000 VMThread "VM Thread" [stack: 0x000000fc2e000000,0x000000fc2e100000] [id=8368]
  0x000002141d3d7000 WatcherThread [stack: 0x000000fc2eb00000,0x000000fc2ec00000] [id=11412]
  0x000002140208f000 GCTaskThread "GC Thread#0" [stack: 0x000000fc2db00000,0x000000fc2dc00000] [id=1516]
  0x000002141d58c800 GCTaskThread "GC Thread#1" [stack: 0x000000fc2f700000,0x000000fc2f800000] [id=804]
  0x00000214349ff000 GCTaskThread "GC Thread#2" [stack: 0x000000fc2f800000,0x000000fc2f900000] [id=7852]
  0x0000021434d9d800 GCTaskThread "GC Thread#3" [stack: 0x000000fc2fa00000,0x000000fc2fb00000] [id=15612]
  0x00000214020bf800 ConcurrentGCThread "G1 Main Marker" [stack: 0x000000fc2dc00000,0x000000fc2dd00000] [id=10832]
  0x00000214020c2000 ConcurrentGCThread "G1 Conc#0" [stack: 0x000000fc2dd00000,0x000000fc2de00000] [id=11680]
  0x0000021434dc9800 ConcurrentGCThread "G1 Conc#1" [stack: 0x000000fc2fb00000,0x000000fc2fc00000] [id=1396]
  0x000002141c830800 ConcurrentGCThread "G1 Refine#0" [stack: 0x000000fc2de00000,0x000000fc2df00000] [id=15988]
  0x000002141c831800 ConcurrentGCThread "G1 Young RemSet Sampling" [stack: 0x000000fc2df00000,0x000000fc2e000000] [id=16200]

Threads with active compile tasks:

VM state:at safepoint (normal execution)

VM Mutex/Monitor currently owned by a thread:  ([mutex/lock_event])
[0x0000021402076980] Threads_lock - owner thread: 0x000002141c99e000
[0x00000214020773a0] Heap_lock - owner thread: 0x0000021402077800

Heap address: 0x0000000081c00000, size: 2020 MB, Compressed Oops mode: 32-bit
Narrow klass base: 0x0000000800000000, Narrow klass shift: 3
Compressed class space size: 1073741824 Address: 0x0000000840000000

Heap:
 garbage-first heap   total 277504K, used 122372K [0x0000000081c00000, 0x0000000100000000)
  region size 1024K, 1 young (1024K), 1 survivors (1024K)
 Metaspace       used 2163K, capacity 5080K, committed 5120K, reserved 1056768K
  class space    used 183K, capacity 478K, committed 512K, reserved 1048576K
Heap Regions: E=young(eden), S=young(survivor), O=old, HS=humongous(starts), HC=humongous(continues), CS=collection set, F=free, A=archive, TAMS=top-at-mark-start (previous, next)
|   0|0x0000000081c00000, 0x0000000081d00000, 0x0000000081d00000|100%| O|  |TAMS 0x0000000081d00000, 0x0000000081c00000| Untracked 
|   1|0x0000000081d00000, 0x0000000081e00000, 0x0000000081e00000|100%| O|  |TAMS 0x0000000081e00000, 0x0000000081d00000| Untracked 
|   2|0x0000000081e00000, 0x0000000081f00000, 0x0000000081f00000|100%| O|  |TAMS 0x0000000081f00000, 0x0000000081e00000| Untracked 
|   3|0x0000000081f00000, 0x0000000082000000, 0x0000000082000000|100%| O|  |TAMS 0x0000000082000000, 0x0000000081f00000| Untracked 
|   4|0x0000000082000000, 0x0000000082100000, 0x0000000082100000|100%| O|  |TAMS 0x0000000082100000, 0x0000000082000000| Untracked 
|   5|0x0000000082100000, 0x0000000082200000, 0x0000000082200000|100%| O|  |TAMS 0x0000000082200000, 0x0000000082100000| Untracked 
|   6|0x0000000082200000, 0x0000000082300000, 0x0000000082300000|100%| O|  |TAMS 0x0000000082300000, 0x0000000082200000| Untracked 
|   7|0x0000000082300000, 0x0000000082400000, 0x0000000082400000|100%| O|  |TAMS 0x0000000082400000, 0x0000000082300000| Untracked 
|   8|0x0000000082400000, 0x0000000082500000, 0x0000000082500000|100%| O|  |TAMS 0x0000000082500000, 0x0000000082400000| Untracked 
|   9|0x0000000082500000, 0x0000000082600000, 0x0000000082600000|100%| O|  |TAMS 0x0000000082600000, 0x0000000082500000| Untracked 
|  10|0x0000000082600000, 0x0000000082700000, 0x0000000082700000|100%| O|  |TAMS 0x0000000082700000, 0x0000000082600000| Untracked 
|  11|0x0000000082700000, 0x0000000082800000, 0x0000000082800000|100%| O|  |TAMS 0x0000000082800000, 0x0000000082700000| Untracked 
|  12|0x0000000082800000, 0x0000000082900000, 0x0000000082900000|100%| O|  |TAMS 0x0000000082900000, 0x0000000082800000| Untracked 
|  13|0x0000000082900000, 0x0000000082a00000, 0x0000000082a00000|100%| O|  |TAMS 0x0000000082a00000, 0x0000000082900000| Untracked 
|  14|0x0000000082a00000, 0x0000000082b00000, 0x0000000082b00000|100%| O|  |TAMS 0x0000000082b00000, 0x0000000082a00000| Untracked 
|  15|0x0000000082b00000, 0x0000000082c00000, 0x0000000082c00000|100%| O|  |TAMS 0x0000000082c00000, 0x0000000082b00000| Untracked 
|  16|0x0000000082c00000, 0x0000000082d00000, 0x0000000082d00000|100%| O|  |TAMS 0x0000000082d00000, 0x0000000082c00000| Untracked 
|  17|0x0000000082d00000, 0x0000000082e00000, 0x0000000082e00000|100%| O|  |TAMS 0x0000000082e00000, 0x0000000082d00000| Untracked 
|  18|0x0000000082e00000, 0x0000000082f00000, 0x0000000082f00000|100%| O|  |TAMS 0x0000000082f00000, 0x0000000082e00000| Untracked 
|  19|0x0000000082f00000, 0x0000000083000000, 0x0000000083000000|100%| O|  |TAMS 0x0000000083000000, 0x0000000082f00000| Untracked 
|  20|0x0000000083000000, 0x0000000083100000, 0x0000000083100000|100%| O|  |TAMS 0x0000000083100000, 0x0000000083000000| Untracked 
|  21|0x0000000083100000, 0x0000000083200000, 0x0000000083200000|100%| O|  |TAMS 0x0000000083200000, 0x0000000083100000| Untracked 
|  22|0x0000000083200000, 0x0000000083300000, 0x0000000083300000|100%| O|  |TAMS 0x0000000083300000, 0x0000000083200000| Untracked 
|  23|0x0000000083300000, 0x0000000083400000, 0x0000000083400000|100%| O|  |TAMS 0x0000000083400000, 0x0000000083300000| Untracked 
|  24|0x0000000083400000, 0x0000000083500000, 0x0000000083500000|100%| O|  |TAMS 0x0000000083500000, 0x0000000083400000| Untracked 
|  25|0x0000000083500000, 0x0000000083600000, 0x0000000083600000|100%| O|  |TAMS 0x0000000083600000, 0x0000000083500000| Untracked 
|  26|0x0000000083600000, 0x0000000083700000, 0x0000000083700000|100%| O|  |TAMS 0x0000000083700000, 0x0000000083600000| Untracked 
|  27|0x0000000083700000, 0x0000000083800000, 0x0000000083800000|100%| O|  |TAMS 0x0000000083800000, 0x0000000083700000| Untracked 
|  28|0x0000000083800000, 0x0000000083900000, 0x0000000083900000|100%| O|  |TAMS 0x0000000083900000, 0x0000000083800000| Untracked 
|  29|0x0000000083900000, 0x0000000083a00000, 0x0000000083a00000|100%| O|  |TAMS 0x0000000083a00000, 0x0000000083900000| Untracked 
|  30|0x0000000083a00000, 0x0000000083b00000, 0x0000000083b00000|100%| O|  |TAMS 0x0000000083b00000, 0x0000000083a00000| Untracked 
|  31|0x0000000083b00000, 0x0000000083c00000, 0x0000000083c00000|100%| O|  |TAMS 0x0000000083c00000, 0x0000000083b00000| Untracked 
|  32|0x0000000083c00000, 0x0000000083d00000, 0x0000000083d00000|100%| O|  |TAMS 0x0000000083d00000, 0x0000000083c00000| Untracked 
|  33|0x0000000083d00000, 0x0000000083e00000, 0x0000000083e00000|100%| O|  |TAMS 0x0000000083e00000, 0x0000000083d00000| Untracked 
|  34|0x0000000083e00000, 0x0000000083f00000, 0x0000000083f00000|100%| O|  |TAMS 0x0000000083f00000, 0x0000000083e00000| Untracked 
|  35|0x0000000083f00000, 0x0000000084000000, 0x0000000084000000|100%| O|  |TAMS 0x0000000084000000, 0x0000000083f00000| Untracked 
|  36|0x0000000084000000, 0x0000000084100000, 0x0000000084100000|100%| O|  |TAMS 0x0000000084100000, 0x0000000084000000| Untracked 
|  37|0x0000000084100000, 0x0000000084200000, 0x0000000084200000|100%| O|  |TAMS 0x0000000084200000, 0x0000000084100000| Untracked 
|  38|0x0000000084200000, 0x0000000084300000, 0x0000000084300000|100%| O|  |TAMS 0x0000000084300000, 0x0000000084200000| Untracked 
|  39|0x0000000084300000, 0x0000000084400000, 0x0000000084400000|100%| O|  |TAMS 0x0000000084400000, 0x0000000084300000| Untracked 
|  40|0x0000000084400000, 0x0000000084500000, 0x0000000084500000|100%| O|  |TAMS 0x0000000084500000, 0x0000000084400000| Untracked 
|  41|0x0000000084500000, 0x0000000084600000, 0x0000000084600000|100%| O|  |TAMS 0x0000000084600000, 0x0000000084500000| Untracked 
|  42|0x0000000084600000, 0x0000000084700000, 0x0000000084700000|100%| O|  |TAMS 0x0000000084700000, 0x0000000084600000| Untracked 
|  43|0x0000000084700000, 0x0000000084800000, 0x0000000084800000|100%| O|  |TAMS 0x0000000084800000, 0x0000000084700000| Untracked 
|  44|0x0000000084800000, 0x0000000084900000, 0x0000000084900000|100%| O|  |TAMS 0x0000000084900000, 0x0000000084800000| Untracked 
|  45|0x0000000084900000, 0x0000000084a00000, 0x0000000084a00000|100%| O|  |TAMS 0x0000000084a00000, 0x0000000084900000| Untracked 
|  46|0x0000000084a00000, 0x0000000084b00000, 0x0000000084b00000|100%| O|  |TAMS 0x0000000084b00000, 0x0000000084a00000| Untracked 
|  47|0x0000000084b00000, 0x0000000084c00000, 0x0000000084c00000|100%| O|  |TAMS 0x0000000084c00000, 0x0000000084b00000| Untracked 
|  48|0x0000000084c00000, 0x0000000084d00000, 0x0000000084d00000|100%| O|  |TAMS 0x0000000084d00000, 0x0000000084c00000| Untracked 
|  49|0x0000000084d00000, 0x0000000084e00000, 0x0000000084e00000|100%| O|  |TAMS 0x0000000084e00000, 0x0000000084d00000| Untracked 
|  50|0x0000000084e00000, 0x0000000084f00000, 0x0000000084f00000|100%| O|  |TAMS 0x0000000084f00000, 0x0000000084e00000| Untracked 
|  51|0x0000000084f00000, 0x0000000085000000, 0x0000000085000000|100%| O|  |TAMS 0x0000000085000000, 0x0000000084f00000| Untracked 
|  52|0x0000000085000000, 0x0000000085100000, 0x0000000085100000|100%| O|  |TAMS 0x0000000085100000, 0x0000000085000000| Untracked 
|  53|0x0000000085100000, 0x0000000085200000, 0x0000000085200000|100%| O|  |TAMS 0x0000000085200000, 0x0000000085100000| Untracked 
|  54|0x0000000085200000, 0x0000000085300000, 0x0000000085300000|100%| O|  |TAMS 0x0000000085300000, 0x0000000085200000| Untracked 
|  55|0x0000000085300000, 0x0000000085400000, 0x0000000085400000|100%| O|  |TAMS 0x0000000085400000, 0x0000000085300000| Untracked 
|  56|0x0000000085400000, 0x0000000085500000, 0x0000000085500000|100%| O|  |TAMS 0x0000000085500000, 0x0000000085400000| Untracked 
|  57|0x0000000085500000, 0x0000000085600000, 0x0000000085600000|100%| O|  |TAMS 0x0000000085600000, 0x0000000085500000| Untracked 
|  58|0x0000000085600000, 0x0000000085700000, 0x0000000085700000|100%| O|  |TAMS 0x0000000085700000, 0x0000000085600000| Untracked 
|  59|0x0000000085700000, 0x0000000085800000, 0x0000000085800000|100%| O|  |TAMS 0x0000000085800000, 0x0000000085700000| Untracked 
|  60|0x0000000085800000, 0x0000000085900000, 0x0000000085900000|100%| O|  |TAMS 0x0000000085900000, 0x0000000085800000| Untracked 
|  61|0x0000000085900000, 0x0000000085a00000, 0x0000000085a00000|100%| O|  |TAMS 0x0000000085a00000, 0x0000000085900000| Untracked 
|  62|0x0000000085a00000, 0x0000000085b00000, 0x0000000085b00000|100%| O|  |TAMS 0x0000000085b00000, 0x0000000085a00000| Untracked 
|  63|0x0000000085b00000, 0x0000000085c00000, 0x0000000085c00000|100%| O|  |TAMS 0x0000000085c00000, 0x0000000085b00000| Untracked 
|  64|0x0000000085c00000, 0x0000000085d00000, 0x0000000085d00000|100%| O|  |TAMS 0x0000000085d00000, 0x0000000085c00000| Untracked 
|  65|0x0000000085d00000, 0x0000000085e00000, 0x0000000085e00000|100%| O|  |TAMS 0x0000000085e00000, 0x0000000085d00000| Untracked 
|  66|0x0000000085e00000, 0x0000000085f00000, 0x0000000085f00000|100%| O|  |TAMS 0x0000000085f00000, 0x0000000085e00000| Untracked 
|  67|0x0000000085f00000, 0x0000000086000000, 0x0000000086000000|100%| O|  |TAMS 0x0000000086000000, 0x0000000085f00000| Untracked 
|  68|0x0000000086000000, 0x0000000086100000, 0x0000000086100000|100%| O|  |TAMS 0x0000000086100000, 0x0000000086000000| Untracked 
|  69|0x0000000086100000, 0x0000000086200000, 0x0000000086200000|100%| O|  |TAMS 0x0000000086200000, 0x0000000086100000| Untracked 
|  70|0x0000000086200000, 0x0000000086300000, 0x0000000086300000|100%| O|  |TAMS 0x0000000086300000, 0x0000000086200000| Untracked 
|  71|0x0000000086300000, 0x0000000086400000, 0x0000000086400000|100%| O|  |TAMS 0x0000000086400000, 0x0000000086300000| Untracked 
|  72|0x0000000086400000, 0x0000000086500000, 0x0000000086500000|100%| O|  |TAMS 0x0000000086500000, 0x0000000086400000| Untracked 
|  73|0x0000000086500000, 0x0000000086600000, 0x0000000086600000|100%| O|  |TAMS 0x0000000086600000, 0x0000000086500000| Untracked 
|  74|0x0000000086600000, 0x0000000086700000, 0x0000000086700000|100%| O|  |TAMS 0x0000000086700000, 0x0000000086600000| Untracked 
|  75|0x0000000086700000, 0x0000000086800000, 0x0000000086800000|100%| O|  |TAMS 0x0000000086800000, 0x0000000086700000| Untracked 
|  76|0x0000000086800000, 0x0000000086900000, 0x0000000086900000|100%| O|  |TAMS 0x0000000086900000, 0x0000000086800000| Untracked 
|  77|0x0000000086900000, 0x0000000086a00000, 0x0000000086a00000|100%| O|  |TAMS 0x0000000086a00000, 0x0000000086900000| Untracked 
|  78|0x0000000086a00000, 0x0000000086b00000, 0x0000000086b00000|100%| O|  |TAMS 0x0000000086b00000, 0x0000000086a00000| Untracked 
|  79|0x0000000086b00000, 0x0000000086c00000, 0x0000000086c00000|100%| O|  |TAMS 0x0000000086c00000, 0x0000000086b00000| Untracked 
|  80|0x0000000086c00000, 0x0000000086d00000, 0x0000000086d00000|100%| O|  |TAMS 0x0000000086d00000, 0x0000000086c00000| Untracked 
|  81|0x0000000086d00000, 0x0000000086e00000, 0x0000000086e00000|100%| O|  |TAMS 0x0000000086e00000, 0x0000000086d00000| Untracked 
|  82|0x0000000086e00000, 0x0000000086f00000, 0x0000000086f00000|100%| O|  |TAMS 0x0000000086f00000, 0x0000000086e00000| Untracked 
|  83|0x0000000086f00000, 0x0000000087000000, 0x0000000087000000|100%| O|  |TAMS 0x0000000087000000, 0x0000000086f00000| Untracked 
|  84|0x0000000087000000, 0x0000000087100000, 0x0000000087100000|100%| O|  |TAMS 0x0000000087100000, 0x0000000087000000| Untracked 
|  85|0x0000000087100000, 0x0000000087200000, 0x0000000087200000|100%| O|  |TAMS 0x0000000087200000, 0x0000000087100000| Untracked 
|  86|0x0000000087200000, 0x0000000087300000, 0x0000000087300000|100%| O|  |TAMS 0x0000000087300000, 0x0000000087200000| Untracked 
|  87|0x0000000087300000, 0x0000000087400000, 0x0000000087400000|100%| O|  |TAMS 0x0000000087400000, 0x0000000087300000| Untracked 
|  88|0x0000000087400000, 0x0000000087500000, 0x0000000087500000|100%| O|  |TAMS 0x0000000087500000, 0x0000000087400000| Untracked 
|  89|0x0000000087500000, 0x0000000087600000, 0x0000000087600000|100%| O|  |TAMS 0x0000000087600000, 0x0000000087500000| Untracked 
|  90|0x0000000087600000, 0x0000000087700000, 0x0000000087700000|100%| O|  |TAMS 0x0000000087700000, 0x0000000087600000| Untracked 
|  91|0x0000000087700000, 0x0000000087800000, 0x0000000087800000|100%| O|  |TAMS 0x0000000087800000, 0x0000000087700000| Untracked 
|  92|0x0000000087800000, 0x0000000087900000, 0x0000000087900000|100%| O|  |TAMS 0x0000000087900000, 0x0000000087800000| Untracked 
|  93|0x0000000087900000, 0x0000000087a00000, 0x0000000087a00000|100%| O|  |TAMS 0x0000000087a00000, 0x0000000087900000| Untracked 
|  94|0x0000000087a00000, 0x0000000087b00000, 0x0000000087b00000|100%| O|  |TAMS 0x0000000087b00000, 0x0000000087a00000| Untracked 
|  95|0x0000000087b00000, 0x0000000087c00000, 0x0000000087c00000|100%| O|  |TAMS 0x0000000087c00000, 0x0000000087b00000| Untracked 
|  96|0x0000000087c00000, 0x0000000087d00000, 0x0000000087d00000|100%| O|  |TAMS 0x0000000087d00000, 0x0000000087c00000| Untracked 
|  97|0x0000000087d00000, 0x0000000087d39e00, 0x0000000087e00000| 22%| O|  |TAMS 0x0000000087d39e00, 0x0000000087d00000| Untracked 
|  98|0x0000000087e00000, 0x0000000087e00000, 0x0000000087f00000|  0%| F|  |TAMS 0x0000000087e00000, 0x0000000087e00000| Untracked 
|  99|0x0000000087f00000, 0x0000000087f00000, 0x0000000088000000|  0%| F|  |TAMS 0x0000000087f00000, 0x0000000087f00000| Untracked 
| 100|0x0000000088000000, 0x0000000088000000, 0x0000000088100000|  0%| F|  |TAMS 0x0000000088000000, 0x0000000088000000| Untracked 
| 101|0x0000000088100000, 0x0000000088100000, 0x0000000088200000|  0%| F|  |TAMS 0x0000000088100000, 0x0000000088100000| Untracked 
| 102|0x0000000088200000, 0x0000000088200000, 0x0000000088300000|  0%| F|  |TAMS 0x0000000088200000, 0x0000000088200000| Untracked 
| 103|0x0000000088300000, 0x0000000088300000, 0x0000000088400000|  0%| F|  |TAMS 0x0000000088300000, 0x0000000088300000| Untracked 
| 104|0x0000000088400000, 0x0000000088400000, 0x0000000088500000|  0%| F|  |TAMS 0x0000000088400000, 0x0000000088400000| Untracked 
| 105|0x0000000088500000, 0x0000000088500000, 0x0000000088600000|  0%| F|  |TAMS 0x0000000088500000, 0x0000000088500000| Untracked 
| 106|0x0000000088600000, 0x0000000088600000, 0x0000000088700000|  0%| F|  |TAMS 0x0000000088600000, 0x0000000088600000| Untracked 
| 107|0x0000000088700000, 0x0000000088700000, 0x0000000088800000|  0%| F|  |TAMS 0x0000000088700000, 0x0000000088700000| Untracked 
| 108|0x0000000088800000, 0x0000000088800000, 0x0000000088900000|  0%| F|  |TAMS 0x0000000088800000, 0x0000000088800000| Untracked 
| 109|0x0000000088900000, 0x0000000088900000, 0x0000000088a00000|  0%| F|  |TAMS 0x0000000088900000, 0x0000000088900000| Untracked 
| 110|0x0000000088a00000, 0x0000000088a00000, 0x0000000088b00000|  0%| F|  |TAMS 0x0000000088a00000, 0x0000000088a00000| Untracked 
| 111|0x0000000088b00000, 0x0000000088b00000, 0x0000000088c00000|  0%| F|  |TAMS 0x0000000088b00000, 0x0000000088b00000| Untracked 
| 112|0x0000000088c00000, 0x0000000088c00000, 0x0000000088d00000|  0%| F|  |TAMS 0x0000000088c00000, 0x0000000088c00000| Untracked 
| 113|0x0000000088d00000, 0x0000000088d00000, 0x0000000088e00000|  0%| F|  |TAMS 0x0000000088d00000, 0x0000000088d00000| Untracked 
| 114|0x0000000088e00000, 0x0000000088e00000, 0x0000000088f00000|  0%| F|  |TAMS 0x0000000088e00000, 0x0000000088e00000| Untracked 
| 115|0x0000000088f00000, 0x0000000088f00000, 0x0000000089000000|  0%| F|  |TAMS 0x0000000088f00000, 0x0000000088f00000| Untracked 
| 116|0x0000000089000000, 0x0000000089000000, 0x0000000089100000|  0%| F|  |TAMS 0x0000000089000000, 0x0000000089000000| Untracked 
| 117|0x0000000089100000, 0x0000000089100000, 0x0000000089200000|  0%| F|  |TAMS 0x0000000089100000, 0x0000000089100000| Untracked 
| 118|0x0000000089200000, 0x0000000089200000, 0x0000000089300000|  0%| F|  |TAMS 0x0000000089200000, 0x0000000089200000| Untracked 
| 119|0x0000000089300000, 0x0000000089300000, 0x0000000089400000|  0%| F|  |TAMS 0x0000000089300000, 0x0000000089300000| Untracked 
| 120|0x0000000089400000, 0x0000000089400000, 0x0000000089500000|  0%| F|  |TAMS 0x0000000089400000, 0x0000000089400000| Untracked 
| 121|0x0000000089500000, 0x0000000089500000, 0x0000000089600000|  0%| F|  |TAMS 0x0000000089500000, 0x0000000089500000| Untracked 
| 122|0x0000000089600000, 0x0000000089600000, 0x0000000089700000|  0%| F|  |TAMS 0x0000000089600000, 0x0000000089600000| Untracked 
| 123|0x0000000089700000, 0x0000000089700000, 0x0000000089800000|  0%| F|  |TAMS 0x0000000089700000, 0x0000000089700000| Untracked 
| 124|0x0000000089800000, 0x0000000089800000, 0x0000000089900000|  0%| F|  |TAMS 0x0000000089800000, 0x0000000089800000| Untracked 
| 125|0x0000000089900000, 0x0000000089947210, 0x0000000089a00000| 27%| S|CS|TAMS 0x0000000089900000, 0x0000000089900000| Complete 
| 126|0x0000000089a00000, 0x0000000089a00000, 0x0000000089b00000|  0%| F|  |TAMS 0x0000000089a00000, 0x0000000089a00000| Untracked 
| 127|0x0000000089b00000, 0x0000000089b00000, 0x0000000089c00000|  0%| F|  |TAMS 0x0000000089b00000, 0x0000000089b00000| Untracked 
| 128|0x0000000089c00000, 0x0000000089d00000, 0x0000000089d00000|100%| O|  |TAMS 0x0000000089d00000, 0x0000000089c00000| Untracked 
| 129|0x0000000089d00000, 0x0000000089e00000, 0x0000000089e00000|100%| O|  |TAMS 0x0000000089e00000, 0x0000000089d00000| Untracked 
| 130|0x0000000089e00000, 0x0000000089f00000, 0x0000000089f00000|100%| O|  |TAMS 0x0000000089f00000, 0x0000000089e00000| Untracked 
| 131|0x0000000089f00000, 0x000000008a000000, 0x000000008a000000|100%| O|  |TAMS 0x000000008a000000, 0x0000000089f00000| Untracked 
| 132|0x000000008a000000, 0x000000008a100000, 0x000000008a100000|100%| O|  |TAMS 0x000000008a100000, 0x000000008a000000| Untracked 
| 133|0x000000008a100000, 0x000000008a200000, 0x000000008a200000|100%| O|  |TAMS 0x000000008a200000, 0x000000008a100000| Untracked 
| 134|0x000000008a200000, 0x000000008a300000, 0x000000008a300000|100%| O|  |TAMS 0x000000008a300000, 0x000000008a200000| Untracked 
| 135|0x000000008a300000, 0x000000008a400000, 0x000000008a400000|100%| O|  |TAMS 0x000000008a400000, 0x000000008a300000| Untracked 
| 136|0x000000008a400000, 0x000000008a500000, 0x000000008a500000|100%| O|  |TAMS 0x000000008a500000, 0x000000008a400000| Untracked 
| 137|0x000000008a500000, 0x000000008a600000, 0x000000008a600000|100%| O|  |TAMS 0x000000008a600000, 0x000000008a500000| Untracked 
| 138|0x000000008a600000, 0x000000008a700000, 0x000000008a700000|100%| O|  |TAMS 0x000000008a700000, 0x000000008a600000| Untracked 
| 139|0x000000008a700000, 0x000000008a800000, 0x000000008a800000|100%| O|  |TAMS 0x000000008a800000, 0x000000008a700000| Untracked 
| 140|0x000000008a800000, 0x000000008a900000, 0x000000008a900000|100%| O|  |TAMS 0x000000008a900000, 0x000000008a800000| Untracked 
| 141|0x000000008a900000, 0x000000008aa00000, 0x000000008aa00000|100%| O|  |TAMS 0x000000008aa00000, 0x000000008a900000| Untracked 
| 142|0x000000008aa00000, 0x000000008ab00000, 0x000000008ab00000|100%| O|  |TAMS 0x000000008ab00000, 0x000000008aa00000| Untracked 
| 143|0x000000008ab00000, 0x000000008ac00000, 0x000000008ac00000|100%| O|  |TAMS 0x000000008ac00000, 0x000000008ab00000| Untracked 
| 144|0x000000008ac00000, 0x000000008ad00000, 0x000000008ad00000|100%| O|  |TAMS 0x000000008ad00000, 0x000000008ac00000| Untracked 
| 145|0x000000008ad00000, 0x000000008ae00000, 0x000000008ae00000|100%| O|  |TAMS 0x000000008ae00000, 0x000000008ad00000| Untracked 
| 146|0x000000008ae00000, 0x000000008af00000, 0x000000008af00000|100%| O|  |TAMS 0x000000008af00000, 0x000000008ae00000| Untracked 
| 147|0x000000008af00000, 0x000000008b000000, 0x000000008b000000|100%| O|  |TAMS 0x000000008b000000, 0x000000008af00000| Untracked 
| 148|0x000000008b000000, 0x000000008b100000, 0x000000008b100000|100%| O|  |TAMS 0x000000008b100000, 0x000000008b000000| Untracked 
| 149|0x000000008b100000, 0x000000008b200000, 0x000000008b200000|100%| O|  |TAMS 0x000000008b200000, 0x000000008b100000| Untracked 
| 150|0x000000008b200000, 0x000000008b200000, 0x000000008b300000|  0%| F|  |TAMS 0x000000008b200000, 0x000000008b200000| Untracked 
| 151|0x000000008b300000, 0x000000008b300000, 0x000000008b400000|  0%| F|  |TAMS 0x000000008b300000, 0x000000008b300000| Untracked 
| 152|0x000000008b400000, 0x000000008b400000, 0x000000008b500000|  0%| F|  |TAMS 0x000000008b400000, 0x000000008b400000| Untracked 
| 153|0x000000008b500000, 0x000000008b500000, 0x000000008b600000|  0%| F|  |TAMS 0x000000008b500000, 0x000000008b500000| Untracked 
| 154|0x000000008b600000, 0x000000008b600000, 0x000000008b700000|  0%| F|  |TAMS 0x000000008b600000, 0x000000008b600000| Untracked 
| 155|0x000000008b700000, 0x000000008b700000, 0x000000008b800000|  0%| F|  |TAMS 0x000000008b700000, 0x000000008b700000| Untracked 
| 156|0x000000008b800000, 0x000000008b800000, 0x000000008b900000|  0%| F|  |TAMS 0x000000008b800000, 0x000000008b800000| Untracked 
| 157|0x000000008b900000, 0x000000008b900000, 0x000000008ba00000|  0%| F|  |TAMS 0x000000008b900000, 0x000000008b900000| Untracked 
| 158|0x000000008ba00000, 0x000000008ba00000, 0x000000008bb00000|  0%| F|  |TAMS 0x000000008ba00000, 0x000000008ba00000| Untracked 
| 159|0x000000008bb00000, 0x000000008bb00000, 0x000000008bc00000|  0%| F|  |TAMS 0x000000008bb00000, 0x000000008bb00000| Untracked 
| 160|0x000000008bc00000, 0x000000008bc00000, 0x000000008bd00000|  0%| F|  |TAMS 0x000000008bc00000, 0x000000008bc00000| Untracked 
| 161|0x000000008bd00000, 0x000000008bd00000, 0x000000008be00000|  0%| F|  |TAMS 0x000000008bd00000, 0x000000008bd00000| Untracked 
| 162|0x000000008be00000, 0x000000008be00000, 0x000000008bf00000|  0%| F|  |TAMS 0x000000008be00000, 0x000000008be00000| Untracked 
| 163|0x000000008bf00000, 0x000000008bf00000, 0x000000008c000000|  0%| F|  |TAMS 0x000000008bf00000, 0x000000008bf00000| Untracked 
| 164|0x000000008c000000, 0x000000008c000000, 0x000000008c100000|  0%| F|  |TAMS 0x000000008c000000, 0x000000008c000000| Untracked 
| 165|0x000000008c100000, 0x000000008c100000, 0x000000008c200000|  0%| F|  |TAMS 0x000000008c100000, 0x000000008c100000| Untracked 
| 166|0x000000008c200000, 0x000000008c200000, 0x000000008c300000|  0%| F|  |TAMS 0x000000008c200000, 0x000000008c200000| Untracked 
| 167|0x000000008c300000, 0x000000008c300000, 0x000000008c400000|  0%| F|  |TAMS 0x000000008c300000, 0x000000008c300000| Untracked 
| 168|0x000000008c400000, 0x000000008c400000, 0x000000008c500000|  0%| F|  |TAMS 0x000000008c400000, 0x000000008c400000| Untracked 
| 169|0x000000008c500000, 0x000000008c500000, 0x000000008c600000|  0%| F|  |TAMS 0x000000008c500000, 0x000000008c500000| Untracked 
| 170|0x000000008c600000, 0x000000008c600000, 0x000000008c700000|  0%| F|  |TAMS 0x000000008c600000, 0x000000008c600000| Untracked 
| 171|0x000000008c700000, 0x000000008c700000, 0x000000008c800000|  0%| F|  |TAMS 0x000000008c700000, 0x000000008c700000| Untracked 
| 172|0x000000008c800000, 0x000000008c800000, 0x000000008c900000|  0%| F|  |TAMS 0x000000008c800000, 0x000000008c800000| Untracked 
| 173|0x000000008c900000, 0x000000008c900000, 0x000000008ca00000|  0%| F|  |TAMS 0x000000008c900000, 0x000000008c900000| Untracked 
| 174|0x000000008ca00000, 0x000000008ca00000, 0x000000008cb00000|  0%| F|  |TAMS 0x000000008ca00000, 0x000000008ca00000| Untracked 
| 175|0x000000008cb00000, 0x000000008cb00000, 0x000000008cc00000|  0%| F|  |TAMS 0x000000008cb00000, 0x000000008cb00000| Untracked 
| 176|0x000000008cc00000, 0x000000008cc00000, 0x000000008cd00000|  0%| F|  |TAMS 0x000000008cc00000, 0x000000008cc00000| Untracked 
| 177|0x000000008cd00000, 0x000000008cd00000, 0x000000008ce00000|  0%| F|  |TAMS 0x000000008cd00000, 0x000000008cd00000| Untracked 
| 178|0x000000008ce00000, 0x000000008ce00000, 0x000000008cf00000|  0%| F|  |TAMS 0x000000008ce00000, 0x000000008ce00000| Untracked 
| 179|0x000000008cf00000, 0x000000008cf00000, 0x000000008d000000|  0%| F|  |TAMS 0x000000008cf00000, 0x000000008cf00000| Untracked 

Card table byte_map: [0x0000021415870000,0x0000021415c70000] _byte_map_base: 0x0000021415462000

Marking Bits (Prev, Next): (CMBitMap*) 0x00000214020b6dd0, (CMBitMap*) 0x00000214020b6d98
 Prev Bits: [0x0000021418000000, 0x0000021419f90000)
 Next Bits: [0x0000021416070000, 0x0000021418000000)

Polling page: 0x0000021400070000

Metaspace:

Usage:
  Non-class:      4.49 MB capacity,     1.93 MB ( 43%) used,     2.56 MB ( 57%) free+waste,     3.00 KB ( <1%) overhead. 
      Class:    478.00 KB capacity,   183.70 KB ( 38%) used,   292.55 KB ( 61%) free+waste,     1.75 KB ( <1%) overhead. 
       Both:      4.96 MB capacity,     2.11 MB ( 43%) used,     2.84 MB ( 57%) free+waste,     4.75 KB ( <1%) overhead. 

Virtual space:
  Non-class space:        8.00 MB reserved,       4.50 MB ( 56%) committed 
      Class space:        1.00 GB reserved,     512.00 KB ( <1%) committed 
             Both:        1.01 GB reserved,       5.00 MB ( <1%) committed 

Chunk freelists:
   Non-Class:  6.00 KB
       Class:  2.00 KB
        Both:  8.00 KB

MaxMetaspaceSize: 17179869184.00 GB
CompressedClassSpaceSize: 1.00 GB

CodeHeap 'non-profiled nmethods': size=120000Kb used=195Kb max_used=195Kb free=119804Kb
 bounds [0x000002140dc10000, 0x000002140de80000, 0x0000021415140000]
CodeHeap 'profiled nmethods': size=120000Kb used=1081Kb max_used=1081Kb free=118918Kb
 bounds [0x00000214066e0000, 0x0000021406950000, 0x000002140dc10000]
CodeHeap 'non-nmethods': size=5760Kb used=1082Kb max_used=1109Kb free=4677Kb
 bounds [0x0000021406140000, 0x00000214063b0000, 0x00000214066e0000]
 total_blobs=1380 nmethods=595 adapters=288
 compilation: enabled
              stopped_count=0, restarted_count=0
 full_count=0

Compilation events (20 events):
Event: 21.627 Thread 0x000002141c9ce000  586       3       java.nio.HeapCharBuffer::<init> (21 bytes)
Event: 21.627 Thread 0x000002141c9ce000 nmethod 586 0x00000214067e6210 code [0x00000214067e63e0, 0x00000214067e6690]
Event: 21.629 Thread 0x000002141c9ce000  587       3       java.io.InputStreamReader::read (11 bytes)
Event: 21.629 Thread 0x000002141c9ce000 nmethod 587 0x00000214067e6810 code [0x00000214067e69e0, 0x00000214067e6bb0]
Event: 21.629 Thread 0x000002141c9ce000  588   !   3       sun.nio.cs.StreamDecoder::read (196 bytes)
Event: 21.630 Thread 0x000002141c9ce000 nmethod 588 0x00000214067e6c90 code [0x00000214067e6f00, 0x00000214067e7bf0]
Event: 21.633 Thread 0x000002141c9ce000  589       3       java.io.BufferedReader::fill (170 bytes)
Event: 21.634 Thread 0x000002141c9ce000 nmethod 589 0x00000214067e8110 code [0x00000214067e8320, 0x00000214067e8a50]
Event: 21.634 Thread 0x000002141c9ce000  590  s    3       java.lang.StringBuffer::toString (59 bytes)
Event: 21.635 Thread 0x000002141c9ce000 nmethod 590 0x00000214067e8c10 code [0x00000214067e8e40, 0x00000214067e97e0]
Event: 21.656 Thread 0x0000021434ec3000  591       4       java.nio.HeapByteBuffer::ix (7 bytes)
Event: 21.656 Thread 0x0000021434ec3000 nmethod 591 0x000002140dc40a90 code [0x000002140dc40c20, 0x000002140dc40c98]
Event: 21.666 Thread 0x000002141c9ce000  592       3       sun.nio.cs.StreamDecoder::implRead (243 bytes)
Event: 21.668 Thread 0x000002141c9ce000 nmethod 592 0x00000214067e9a10 code [0x00000214067e9d40, 0x00000214067eb230]
Event: 21.668 Thread 0x000002141c9ce000  593   !   3       sun.nio.cs.StreamDecoder::readBytes (289 bytes)
Event: 21.669 Thread 0x000002141c9ce000 nmethod 593 0x00000214067eb990 code [0x00000214067ebca0, 0x00000214067ecd30]
Event: 21.669 Thread 0x000002141c9ce000  594       3       java.nio.HeapByteBuffer::compact (52 bytes)
Event: 21.669 Thread 0x000002141c9ce000 nmethod 594 0x00000214067ed590 code [0x00000214067ed7a0, 0x00000214067ede90]
Event: 21.669 Thread 0x000002141c9ce000  595       3       java.nio.Buffer::discardMark (6 bytes)
Event: 21.669 Thread 0x000002141c9ce000 nmethod 595 0x00000214067ee090 code [0x00000214067ee240, 0x00000214067ee3b8]

GC Heap History (20 events):
Event: 21.534 GC heap after
{Heap after GC invocations=11 (full 0):
 garbage-first heap   total 153600K, used 122353K [0x0000000081c00000, 0x0000000100000000)
  region size 1024K, 1 young (1024K), 1 survivors (1024K)
 Metaspace       used 2139K, capacity 5080K, committed 5120K, reserved 1056768K
  class space    used 183K, capacity 478K, committed 512K, reserved 1048576K
}
Event: 21.547 GC heap before
{Heap before GC invocations=12 (full 0):
 garbage-first heap   total 153600K, used 129521K [0x0000000081c00000, 0x0000000100000000)
  region size 1024K, 8 young (8192K), 1 survivors (1024K)
 Metaspace       used 2139K, capacity 5080K, committed 5120K, reserved 1056768K
  class space    used 183K, capacity 478K, committed 512K, reserved 1048576K
}
Event: 21.547 GC heap after
{Heap after GC invocations=13 (full 0):
 garbage-first heap   total 153600K, used 122374K [0x0000000081c00000, 0x0000000100000000)
  region size 1024K, 1 young (1024K), 1 survivors (1024K)
 Metaspace       used 2139K, capacity 5080K, committed 5120K, reserved 1056768K
  class space    used 183K, capacity 478K, committed 512K, reserved 1048576K
}
Event: 21.561 GC heap before
{Heap before GC invocations=13 (full 0):
 garbage-first heap   total 153600K, used 129542K [0x0000000081c00000, 0x0000000100000000)
  region size 1024K, 8 young (8192K), 1 survivors (1024K)
 Metaspace       used 2139K, capacity 5080K, committed 5120K, reserved 1056768K
  class space    used 183K, capacity 478K, committed 512K, reserved 1048576K
}
Event: 21.561 GC heap after
{Heap after GC invocations=14 (full 0):
 garbage-first heap   total 153600K, used 122353K [0x0000000081c00000, 0x0000000100000000)
  region size 1024K, 1 young (1024K), 1 survivors (1024K)
 Metaspace       used 2139K, capacity 5080K, committed 5120K, reserved 1056768K
  class space    used 183K, capacity 478K, committed 512K, reserved 1048576K
}
Event: 21.569 GC heap before
{Heap before GC invocations=15 (full 0):
 garbage-first heap   total 153600K, used 130545K [0x0000000081c00000, 0x0000000100000000)
  region size 1024K, 9 young (9216K), 1 survivors (1024K)
 Metaspace       used 2146K, capacity 5080K, committed 5120K, reserved 1056768K
  class space    used 183K, capacity 478K, committed 512K, reserved 1048576K
}
Event: 21.570 GC heap after
{Heap after GC invocations=16 (full 0):
 garbage-first heap   total 153600K, used 122348K [0x0000000081c00000, 0x0000000100000000)
  region size 1024K, 1 young (1024K), 1 survivors (1024K)
 Metaspace       used 2146K, capacity 5080K, committed 5120K, reserved 1056768K
  class space    used 183K, capacity 478K, committed 512K, reserved 1048576K
}
Event: 21.580 GC heap before
{Heap before GC invocations=16 (full 0):
 garbage-first heap   total 153600K, used 131564K [0x0000000081c00000, 0x0000000100000000)
  region size 1024K, 10 young (10240K), 1 survivors (1024K)
 Metaspace       used 2149K, capacity 5080K, committed 5120K, reserved 1056768K
  class space    used 183K, capacity 478K, committed 512K, reserved 1048576K
}
Event: 21.580 GC heap after
{Heap after GC invocations=17 (full 0):
 garbage-first heap   total 153600K, used 122351K [0x0000000081c00000, 0x0000000100000000)
  region size 1024K, 1 young (1024K), 1 survivors (1024K)
 Metaspace       used 2149K, capacity 5080K, committed 5120K, reserved 1056768K
  class space    used 183K, capacity 478K, committed 512K, reserved 1048576K
}
Event: 21.586 GC heap before
{Heap before GC invocations=17 (full 0):
 garbage-first heap   total 153600K, used 131567K [0x0000000081c00000, 0x0000000100000000)
  region size 1024K, 10 young (10240K), 1 survivors (1024K)
 Metaspace       used 2149K, capacity 5080K, committed 5120K, reserved 1056768K
  class space    used 183K, capacity 478K, committed 512K, reserved 1048576K
}
Event: 21.586 GC heap after
{Heap after GC invocations=18 (full 0):
 garbage-first heap   total 153600K, used 122353K [0x0000000081c00000, 0x0000000100000000)
  region size 1024K, 1 young (1024K), 1 survivors (1024K)
 Metaspace       used 2149K, capacity 5080K, committed 5120K, reserved 1056768K
  class space    used 183K, capacity 478K, committed 512K, reserved 1048576K
}
Event: 21.594 GC heap before
{Heap before GC invocations=19 (full 0):
 garbage-first heap   total 153600K, used 131569K [0x0000000081c00000, 0x0000000100000000)
  region size 1024K, 11 young (11264K), 1 survivors (1024K)
 Metaspace       used 2149K, capacity 5080K, committed 5120K, reserved 1056768K
  class space    used 183K, capacity 478K, committed 512K, reserved 1048576K
}
Event: 21.596 GC heap after
{Heap after GC invocations=20 (full 0):
 garbage-first heap   total 184320K, used 122370K [0x0000000081c00000, 0x0000000100000000)
  region size 1024K, 1 young (1024K), 1 survivors (1024K)
 Metaspace       used 2149K, capacity 5080K, committed 5120K, reserved 1056768K
  class space    used 183K, capacity 478K, committed 512K, reserved 1048576K
}
Event: 21.630 GC heap before
{Heap before GC invocations=20 (full 0):
 garbage-first heap   total 184320K, used 148994K [0x0000000081c00000, 0x0000000100000000)
  region size 1024K, 27 young (27648K), 1 survivors (1024K)
 Metaspace       used 2157K, capacity 5080K, committed 5120K, reserved 1056768K
  class space    used 183K, capacity 478K, committed 512K, reserved 1048576K
}
Event: 21.631 GC heap after
{Heap after GC invocations=21 (full 0):
 garbage-first heap   total 184320K, used 122353K [0x0000000081c00000, 0x0000000100000000)
  region size 1024K, 1 young (1024K), 1 survivors (1024K)
 Metaspace       used 2157K, capacity 5080K, committed 5120K, reserved 1056768K
  class space    used 183K, capacity 478K, committed 512K, reserved 1048576K
}
Event: 21.653 GC heap before
{Heap before GC invocations=22 (full 0):
 garbage-first heap   total 184320K, used 151025K [0x0000000081c00000, 0x0000000100000000)
  region size 1024K, 29 young (29696K), 1 survivors (1024K)
 Metaspace       used 2158K, capacity 5080K, committed 5120K, reserved 1056768K
  class space    used 183K, capacity 478K, committed 512K, reserved 1048576K
}
Event: 21.653 GC heap after
{Heap after GC invocations=23 (full 0):
 garbage-first heap   total 184320K, used 122351K [0x0000000081c00000, 0x0000000100000000)
  region size 1024K, 1 young (1024K), 1 survivors (1024K)
 Metaspace       used 2158K, capacity 5080K, committed 5120K, reserved 1056768K
  class space    used 183K, capacity 478K, committed 512K, reserved 1048576K
}
Event: 21.672 GC heap before
{Heap before GC invocations=23 (full 0):
 garbage-first heap   total 184320K, used 153071K [0x0000000081c00000, 0x0000000100000000)
  region size 1024K, 31 young (31744K), 1 survivors (1024K)
 Metaspace       used 2163K, capacity 5080K, committed 5120K, reserved 1056768K
  class space    used 183K, capacity 478K, committed 512K, reserved 1048576K
}
Event: 21.673 GC heap after
{Heap after GC invocations=24 (full 0):
 garbage-first heap   total 184320K, used 122351K [0x0000000081c00000, 0x0000000100000000)
  region size 1024K, 1 young (1024K), 1 survivors (1024K)
 Metaspace       used 2163K, capacity 5080K, committed 5120K, reserved 1056768K
  class space    used 183K, capacity 478K, committed 512K, reserved 1048576K
}
Event: 21.695 GC heap before
{Heap before GC invocations=25 (full 0):
 garbage-first heap   total 184320K, used 154095K [0x0000000081c00000, 0x0000000100000000)
  region size 1024K, 32 young (32768K), 1 survivors (1024K)
 Metaspace       used 2163K, capacity 5080K, committed 5120K, reserved 1056768K
  class space    used 183K, capacity 478K, committed 512K, reserved 1048576K
}

Deoptimization events (20 events):
Event: 21.573 Thread 0x0000021402077800 DEOPT PACKING pc=0x00000214067d520b sp=0x000000fc2dafee60
Event: 21.573 Thread 0x0000021402077800 DEOPT UNPACKING pc=0x000002140616904e sp=0x000000fc2dafe390 mode 0
Event: 21.574 Thread 0x0000021402077800 DEOPT PACKING pc=0x00000214067d520b sp=0x000000fc2dafee60
Event: 21.574 Thread 0x0000021402077800 DEOPT UNPACKING pc=0x000002140616904e sp=0x000000fc2dafe390 mode 0
Event: 21.574 Thread 0x0000021402077800 DEOPT PACKING pc=0x00000214067d520b sp=0x000000fc2dafee60
Event: 21.574 Thread 0x0000021402077800 DEOPT UNPACKING pc=0x000002140616904e sp=0x000000fc2dafe390 mode 0
Event: 21.574 Thread 0x0000021402077800 DEOPT PACKING pc=0x00000214067d520b sp=0x000000fc2dafee60
Event: 21.574 Thread 0x0000021402077800 DEOPT UNPACKING pc=0x000002140616904e sp=0x000000fc2dafe390 mode 0
Event: 21.575 Thread 0x0000021402077800 DEOPT PACKING pc=0x00000214067d520b sp=0x000000fc2dafee60
Event: 21.575 Thread 0x0000021402077800 DEOPT UNPACKING pc=0x000002140616904e sp=0x000000fc2dafe390 mode 0
Event: 21.575 Thread 0x0000021402077800 DEOPT PACKING pc=0x00000214067d520b sp=0x000000fc2dafee60
Event: 21.575 Thread 0x0000021402077800 DEOPT UNPACKING pc=0x000002140616904e sp=0x000000fc2dafe390 mode 0
Event: 21.578 Thread 0x0000021402077800 DEOPT PACKING pc=0x00000214067d520b sp=0x000000fc2dafee60
Event: 21.578 Thread 0x0000021402077800 DEOPT UNPACKING pc=0x000002140616904e sp=0x000000fc2dafe390 mode 0
Event: 21.578 Thread 0x0000021402077800 DEOPT PACKING pc=0x00000214067d520b sp=0x000000fc2dafee60
Event: 21.578 Thread 0x0000021402077800 DEOPT UNPACKING pc=0x000002140616904e sp=0x000000fc2dafe390 mode 0
Event: 21.579 Thread 0x0000021402077800 DEOPT PACKING pc=0x00000214067d520b sp=0x000000fc2dafee60
Event: 21.579 Thread 0x0000021402077800 DEOPT UNPACKING pc=0x000002140616904e sp=0x000000fc2dafe390 mode 0
Event: 21.579 Thread 0x0000021402077800 DEOPT PACKING pc=0x00000214067d520b sp=0x000000fc2dafee60
Event: 21.579 Thread 0x0000021402077800 DEOPT UNPACKING pc=0x000002140616904e sp=0x000000fc2dafe390 mode 0

Classes redefined (0 events):
No events

Internal exceptions (1 events):
Event: 0.223 Thread 0x0000021402077800 Exception <a 'sun/nio/fs/WindowsException'{0x00000000899c5900}> (0x00000000899c5900) thrown at [c:/BuildAgent/work/5ff2f6c26000d570/src/hotspot/share/prims/jni.cpp, line 615]

Events (20 events):
Event: 21.587 Executing VM operation: CGC_Operation done
Event: 21.589 Executing VM operation: CGC_Operation
Event: 21.589 Executing VM operation: CGC_Operation done
Event: 21.594 Executing VM operation: G1CollectForAllocation
Event: 21.596 Executing VM operation: G1CollectForAllocation done
Event: 21.630 Executing VM operation: G1CollectForAllocation
Event: 21.631 Executing VM operation: G1CollectForAllocation done
Event: 21.635 Executing VM operation: CGC_Operation
Event: 21.636 Executing VM operation: CGC_Operation done
Event: 21.638 Executing VM operation: CGC_Operation
Event: 21.639 Executing VM operation: CGC_Operation done
Event: 21.653 Executing VM operation: G1CollectForAllocation
Event: 21.653 Executing VM operation: G1CollectForAllocation done
Event: 21.672 Executing VM operation: G1CollectForAllocation
Event: 21.673 Executing VM operation: G1CollectForAllocation done
Event: 21.678 Executing VM operation: CGC_Operation
Event: 21.679 Executing VM operation: CGC_Operation done
Event: 21.680 Executing VM operation: CGC_Operation
Event: 21.681 Executing VM operation: CGC_Operation done
Event: 21.694 Executing VM operation: G1CollectForAllocation


Dynamic libraries:
0x00007ff736310000 - 0x00007ff73631a000 	D:\Idea\IntelliJ IDEA 2019.3.3\jbr\bin\java.exe
0x00007ffbe2680000 - 0x00007ffbe2870000 	C:\WINDOWS\SYSTEM32\ntdll.dll
0x00007ffbe1c10000 - 0x00007ffbe1cc2000 	C:\WINDOWS\System32\KERNEL32.DLL
0x00007ffbdfae0000 - 0x00007ffbdfd84000 	C:\WINDOWS\System32\KERNELBASE.dll
0x00007ffbe0590000 - 0x00007ffbe068a000 	C:\WINDOWS\System32\ucrtbase.dll
0x00007ffbd8510000 - 0x00007ffbd8527000 	D:\Idea\IntelliJ IDEA 2019.3.3\jbr\bin\VCRUNTIME140.dll
0x00007ffbd6ab0000 - 0x00007ffbd6ac9000 	D:\Idea\IntelliJ IDEA 2019.3.3\jbr\bin\jli.dll
0x00007ffbe22b0000 - 0x00007ffbe2444000 	C:\WINDOWS\System32\USER32.dll
0x00007ffbdfd90000 - 0x00007ffbdfdb1000 	C:\WINDOWS\System32\win32u.dll
0x00007ffbcef50000 - 0x00007ffbcf1d4000 	C:\WINDOWS\WinSxS\amd64_microsoft.windows.common-controls_6595b64144ccf1df_6.0.18362.836_none_e6c4b943130f18ed\COMCTL32.dll
0x00007ffbe07e0000 - 0x00007ffbe0806000 	C:\WINDOWS\System32\GDI32.dll
0x00007ffbe18a0000 - 0x00007ffbe193e000 	C:\WINDOWS\System32\msvcrt.dll
0x00007ffbdf740000 - 0x00007ffbdf8d4000 	C:\WINDOWS\System32\gdi32full.dll
0x00007ffbe1d50000 - 0x00007ffbe2086000 	C:\WINDOWS\System32\combase.dll
0x00007ffbe0690000 - 0x00007ffbe072e000 	C:\WINDOWS\System32\msvcp_win.dll
0x00007ffbe1610000 - 0x00007ffbe1730000 	C:\WINDOWS\System32\RPCRT4.dll
0x00007ffbdf6c0000 - 0x00007ffbdf740000 	C:\WINDOWS\System32\bcryptPrimitives.dll
0x00007ffbe1730000 - 0x00007ffbe175e000 	C:\WINDOWS\System32\IMM32.DLL
0x00007ffbc6d00000 - 0x00007ffbc6d9d000 	D:\Idea\IntelliJ IDEA 2019.3.3\jbr\bin\msvcp140.dll
0x00007ffbc7ea0000 - 0x00007ffbc895b000 	D:\Idea\IntelliJ IDEA 2019.3.3\jbr\bin\server\jvm.dll
0x00007ffbe17f0000 - 0x00007ffbe1893000 	C:\WINDOWS\System32\ADVAPI32.dll
0x00007ffbe1a40000 - 0x00007ffbe1ad7000 	C:\WINDOWS\System32\sechost.dll
0x00007ffbe1760000 - 0x00007ffbe1768000 	C:\WINDOWS\System32\PSAPI.DLL
0x00007ffbcccc0000 - 0x00007ffbcccc9000 	C:\WINDOWS\SYSTEM32\WSOCK32.dll
0x00007ffbdd060000 - 0x00007ffbdd084000 	C:\WINDOWS\SYSTEM32\WINMM.dll
0x00007ffbe1940000 - 0x00007ffbe19af000 	C:\WINDOWS\System32\WS2_32.dll
0x00007ffbd8e50000 - 0x00007ffbd8e5a000 	C:\WINDOWS\SYSTEM32\VERSION.dll
0x00007ffbdd030000 - 0x00007ffbdd05d000 	C:\WINDOWS\SYSTEM32\WINMMBASE.dll
0x00007ffbe0540000 - 0x00007ffbe058a000 	C:\WINDOWS\System32\cfgmgr32.dll
0x00007ffbdf570000 - 0x00007ffbdf581000 	C:\WINDOWS\System32\kernel.appcore.dll
0x00007ffbdaa50000 - 0x00007ffbdaa61000 	D:\Idea\IntelliJ IDEA 2019.3.3\jbr\bin\verify.dll
0x00007ffbcd5b0000 - 0x00007ffbcd7a4000 	C:\WINDOWS\SYSTEM32\DBGHELP.DLL
0x00007ffbcd500000 - 0x00007ffbcd52a000 	C:\WINDOWS\SYSTEM32\dbgcore.DLL
0x00007ffbd8be0000 - 0x00007ffbd8c09000 	D:\Idea\IntelliJ IDEA 2019.3.3\jbr\bin\java.dll
0x00007ffbdaad0000 - 0x00007ffbdaadf000 	D:\Idea\IntelliJ IDEA 2019.3.3\jbr\bin\instrument.dll
0x00007ffbd8f90000 - 0x00007ffbd8fa7000 	D:\Idea\IntelliJ IDEA 2019.3.3\jbr\bin\zip.dll
0x00007ffbdd690000 - 0x00007ffbdd69b000 	D:\Idea\IntelliJ IDEA 2019.3.3\jbr\bin\jimage.dll
0x00007ffbe0820000 - 0x00007ffbe0f04000 	C:\WINDOWS\System32\SHELL32.dll
0x00007ffbe0730000 - 0x00007ffbe07d9000 	C:\WINDOWS\System32\shcore.dll
0x00007ffbdfdc0000 - 0x00007ffbe053e000 	C:\WINDOWS\System32\windows.storage.dll
0x00007ffbdf590000 - 0x00007ffbdf5b3000 	C:\WINDOWS\System32\profapi.dll
0x00007ffbdf5c0000 - 0x00007ffbdf60a000 	C:\WINDOWS\System32\powrprof.dll
0x00007ffbdf540000 - 0x00007ffbdf550000 	C:\WINDOWS\System32\UMPDC.dll
0x00007ffbe0f10000 - 0x00007ffbe0f62000 	C:\WINDOWS\System32\shlwapi.dll
0x00007ffbdf8e0000 - 0x00007ffbdf8f7000 	C:\WINDOWS\System32\cryptsp.dll
0x00007ffbd8b50000 - 0x00007ffbd8b6a000 	D:\Idea\IntelliJ IDEA 2019.3.3\jbr\bin\net.dll
0x00007ffbd99c0000 - 0x00007ffbd9ab0000 	C:\WINDOWS\SYSTEM32\WINHTTP.dll
0x00007ffbdedb0000 - 0x00007ffbdee17000 	C:\WINDOWS\system32\mswsock.dll
0x00007ffbd8a20000 - 0x00007ffbd8a34000 	D:\Idea\IntelliJ IDEA 2019.3.3\jbr\bin\nio.dll
0x00007ffbd1ba0000 - 0x00007ffbd1bba000 	D:\Idea\IntelliJ IDEA 2019.3.3\bin\breakgen64.dll
0x0000000070440000 - 0x0000000070682000 	C:\Users\17722\.jsfml\windows_x64\libsndfile-1.dll
0x00007ffbc8960000 - 0x00007ffbc89cc000 	C:\Users\17722\.jsfml\windows_x64\openal32.dll
0x00007ffbd8f70000 - 0x00007ffbd8f7e000 	C:\Users\17722\.jsfml\windows_x64\sfml-system-2.dll
0x0000000067400000 - 0x00000000674d2000 	C:\WINDOWS\SYSTEM32\MSVCR100.dll
0x0000000067360000 - 0x00000000673f8000 	C:\WINDOWS\SYSTEM32\MSVCP100.dll
0x00007ffbd1330000 - 0x00007ffbd1344000 	C:\Users\17722\.jsfml\windows_x64\sfml-window-2.dll
0x00007ffbc4f10000 - 0x00007ffbc5066000 	C:\WINDOWS\SYSTEM32\OPENGL32.dll
0x00007ffbce540000 - 0x00007ffbce56c000 	C:\WINDOWS\SYSTEM32\GLU32.dll
0x00007ffbde1b0000 - 0x00007ffbde1d0000 	C:\WINDOWS\SYSTEM32\dxcore.dll
0x00007ffbce9e0000 - 0x00007ffbce9f3000 	C:\Users\17722\.jsfml\windows_x64\sfml-audio-2.dll
0x00007ffbc3ff0000 - 0x00007ffbc40d9000 	C:\Users\17722\.jsfml\windows_x64\sfml-graphics-2.dll
0x00007ffbc9d90000 - 0x00007ffbc9dc5000 	C:\Users\17722\.jsfml\windows_x64\jsfml.dll
0x00007ffbdd8b0000 - 0x00007ffbdd949000 	C:\WINDOWS\system32\uxtheme.dll
0x00007ffbe2500000 - 0x00007ffbe2636000 	C:\WINDOWS\System32\MSCTF.dll
0x00007ffbe0f70000 - 0x00007ffbe1034000 	C:\WINDOWS\System32\OLEAUT32.dll
0x00007ffb92a60000 - 0x00007ffb939bc000 	C:\WINDOWS\System32\DriverStore\FileRepository\iigd_dch.inf_amd64_38bfcb542ef4272e\ig9icd64.dll
0x00007ffbe14b0000 - 0x00007ffbe1607000 	C:\WINDOWS\System32\OLE32.DLL
0x00007ffbddce0000 - 0x00007ffbddd0d000 	C:\WINDOWS\SYSTEM32\dwmapi.dll
0x00007ffbde240000 - 0x00007ffbde32b000 	C:\WINDOWS\system32\dxgi.dll
0x00007ffbd6c90000 - 0x00007ffbd6de2000 	C:\WINDOWS\System32\DriverStore\FileRepository\iigd_dch.inf_amd64_38bfcb542ef4272e\igdgmm64.dll
0x00007ffbd2300000 - 0x00007ffbd4656000 	C:\WINDOWS\System32\DriverStore\FileRepository\iigd_dch.inf_amd64_38bfcb542ef4272e\igc64.dll
0x00007ffbc4540000 - 0x00007ffbc45d9000 	C:\WINDOWS\SYSTEM32\dsound.dll
0x00007ffbe2450000 - 0x00007ffbe24f2000 	C:\WINDOWS\System32\clbcatq.dll
0x00007ffbd6680000 - 0x00007ffbd66f2000 	C:\WINDOWS\System32\MMDevApi.dll
0x00007ffbdf360000 - 0x00007ffbdf38a000 	C:\WINDOWS\System32\DEVOBJ.dll
0x00007ffbd64b0000 - 0x00007ffbd660d000 	C:\WINDOWS\SYSTEM32\AUDIOSES.DLL
0x00007ffbdb170000 - 0x00007ffbdb2c3000 	C:\WINDOWS\SYSTEM32\wintypes.dll
0x00007ffbddbf0000 - 0x00007ffbddc04000 	C:\WINDOWS\SYSTEM32\resourcepolicyclient.dll
0x00007ffbbff10000 - 0x00007ffbc0061000 	C:\Windows\System32\Windows.UI.dll
0x00007ffbc01e0000 - 0x00007ffbc027e000 	C:\Windows\System32\TextInputFramework.dll
0x00007ffbbfdf0000 - 0x00007ffbbff0b000 	C:\Windows\System32\InputHost.dll
0x00007ffbdb380000 - 0x00007ffbdb6aa000 	C:\Windows\System32\CoreUIComponents.dll
0x00007ffbdd430000 - 0x00007ffbdd504000 	C:\Windows\System32\CoreMessaging.dll
0x00007ffbdbef0000 - 0x00007ffbdbfe0000 	C:\Windows\System32\PROPSYS.dll
0x00007ffbde5a0000 - 0x00007ffbde5d1000 	C:\WINDOWS\SYSTEM32\ntmarta.dll
0x00007ffbdb970000 - 0x00007ffbdb97a000 	C:\WINDOWS\SYSTEM32\avrt.dll
0x00007ffbc9770000 - 0x00007ffbc979e000 	C:\WINDOWS\SYSTEM32\DINPUT.DLL
0x00007ffbde150000 - 0x00007ffbde15e000 	C:\WINDOWS\SYSTEM32\HID.DLL
0x00007ffbe1040000 - 0x00007ffbe14b0000 	C:\WINDOWS\System32\SETUPAPI.DLL
0x00007ffbdfa50000 - 0x00007ffbdfa76000 	C:\WINDOWS\System32\bcrypt.dll
0x00007ffbdfa80000 - 0x00007ffbdfadc000 	C:\WINDOWS\System32\WINTRUST.dll
0x00007ffbdf550000 - 0x00007ffbdf562000 	C:\WINDOWS\System32\MSASN1.dll
0x00007ffbdf900000 - 0x00007ffbdfa49000 	C:\WINDOWS\System32\CRYPT32.dll

dbghelp: loaded successfully - version: 4.0.5 - missing functions: none
symbol engine: initialized successfully - sym options: 0x614 - pdb path: .;D:\Idea\IntelliJ IDEA 2019.3.3\jbr\bin;C:\WINDOWS\SYSTEM32;C:\WINDOWS\WinSxS\amd64_microsoft.windows.common-controls_6595b64144ccf1df_6.0.18362.836_none_e6c4b943130f18ed;D:\Idea\IntelliJ IDEA 2019.3.3\jbr\bin\server;D:\Idea\IntelliJ IDEA 2019.3.3\bin;C:\Users\17722\.jsfml\windows_x64;C:\WINDOWS\System32\DriverStore\FileRepository\iigd_dch.inf_amd64_38bfcb542ef4272e

VM Arguments:
jvm_args: -javaagent:D:\Idea\IntelliJ IDEA 2019.3.3\lib\idea_rt.jar=52768:D:\Idea\IntelliJ IDEA 2019.3.3\bin -Dfile.encoding=GBK 
java_command: mainGameStarter
java_class_path (initial): D:\gitGroupProject\Git Code\WarriorsExpedition_Program\out\production\WarriorsExpedition_Program;D:\gitGroupProject\Git Code\WarriorsExpedition_Program\lib\jsfml-test.jar;D:\gitGroupProject\Git Code\WarriorsExpedition_Program\lib\jsfml.jar
Launcher Type: SUN_STANDARD

[Global flags]
     intx CICompilerCount                          = 4                                         {product} {ergonomic}
     uint ConcGCThreads                            = 2                                         {product} {ergonomic}
     uint G1ConcRefinementThreads                  = 8                                         {product} {ergonomic}
   size_t G1HeapRegionSize                         = 1048576                                   {product} {ergonomic}
    uintx GCDrainStackTargetSize                   = 64                                        {product} {ergonomic}
   size_t InitialHeapSize                          = 134217728                                 {product} {ergonomic}
   size_t MarkStackSize                            = 4194304                                   {product} {ergonomic}
   size_t MaxHeapSize                              = 2118123520                                {product} {ergonomic}
   size_t MaxNewSize                               = 1270874112                                {product} {ergonomic}
   size_t MinHeapDeltaBytes                        = 1048576                                   {product} {ergonomic}
    uintx NonNMethodCodeHeapSize                   = 5836300                                {pd product} {ergonomic}
    uintx NonProfiledCodeHeapSize                  = 122910970                              {pd product} {ergonomic}
    uintx ProfiledCodeHeapSize                     = 122910970                              {pd product} {ergonomic}
    uintx ReservedCodeCacheSize                    = 251658240                              {pd product} {ergonomic}
     bool SegmentedCodeCache                       = true                                      {product} {ergonomic}
     bool UseCompressedClassPointers               = true                                 {lp64_product} {ergonomic}
     bool UseCompressedOops                        = true                                 {lp64_product} {ergonomic}
     bool UseG1GC                                  = true                                      {product} {ergonomic}
     bool UseLargePagesIndividualAllocation        = false                                  {pd product} {ergonomic}

Logging:
Log output configuration:
 #0: stdout all=warning uptime,level,tags
 #1: stderr all=off uptime,level,tags

Environment Variables:
JAVA_HOME=C:\Program Files\Java\jre1.8.0_171
JRE_HOME=C:\Program Files\Java\jre1.8.0_241
CLASSPATH=.;C:\Program Files\Java\jre1.8.0_171\lib;C:\Program Files\Java\jre1.8.0_171\lib\tools.jar;D:\Tomcat\apache-tomcat-7.0.100\lib\servlet-api.jar;
PATH=C:\Program Files (x86)\Common Files\Oracle\Java\javapath;C:\Windows\system32;C:\Windows;C:\Windows\System32\Wbem;C:\Windows\System32\WindowsPowerShell\v1.0\;C:\Windows\System32\OpenSSH\;C:\Program Files (x86)\Intel\Intel(R) Management Engine Components\DAL;C:\Program Files\Intel\Intel(R) Management Engine Components\DAL;C:\Program Files\Intel\WiFi\bin\;C:\Program Files\Common Files\Intel\WirelessCommon\;C:\Program Files (x86)\NVIDIA Corporation\PhysX\Common;"C:\Program Files\Java\jre1.8.0_171\bin;C:\Program Files\Java\jre1.8.0_171\jre\bin";D:\MatLab Software\bin;D:\SPSS\JRE\bin;C:\WINDOWS\system32;C:\WINDOWS;C:\WINDOWS\System32\Wbem;C:\WINDOWS\System32\WindowsPowerShell\v1.0\;C:\WINDOWS\System32\OpenSSH\;C:\Program Files (x86)\GtkSharp\2.12\bin;C:\Program Files\MySQL\MySQL Server 8.0\bin;D:\Tomcat\apache-tomcat-7.0.100\bin;D:\Tomcat\apache-tomcat-7.0.100\lib;C:\Program Files\Git\cmd;C:\Program Files\MySQL\MySQL Shell 8.0\bin\;D:\Python\Scripts\;D:\Python\;C:\Users\17722\AppData\Local\Microsoft\WindowsApps;
USERNAME=17722
OS=Windows_NT
PROCESSOR_IDENTIFIER=Intel64 Family 6 Model 142 Stepping 11, GenuineIntel



---------------  S Y S T E M  ---------------

OS: Windows 10 , 64 bit Build 18362 (10.0.18362.778)

CPU:total 8 (initial active 8) (4 cores per cpu, 2 threads per core) family 6 model 142 stepping 11, cmov, cx8, fxsr, mmx, sse, sse2, sse3, ssse3, sse4.1, sse4.2, popcnt, avx, avx2, aes, clmul, erms, 3dnowpref, lzcnt, ht, tsc, tscinvbit, bmi1, bmi2, adx, fma

Memory: 4k page, system-wide physical 8074M (1015M free)
TotalPageFile size 26824M (AvailPageFile size 80M)
current process WorkingSet (physical memory assigned to process): 2923M, peak: 3459M
current process commit charge ("private bytes"): 4784M, peak: 4875M

vm_info: OpenJDK 64-Bit Server VM (11.0.5+10-b520.38) for windows-amd64 JRE (11.0.5+10-b520.38), built on Jan 23 2020 07:58:32 by "" with MS VC++ 14.0 (VS2015)

END.
