#
# There is insufficient memory for the Java Runtime Environment to continue.
# Native memory allocation (malloc) failed to allocate 32784 bytes for Chunk::new
# Possible reasons:
#   The system is out of physical RAM or swap space
#   The process is running with CompressedOops enabled, and the Java Heap may be blocking the growth of the native heap
# Possible solutions:
#   Reduce memory load on the system
#   Increase physical memory or swap space
#   Check if swap backing store is full
#   Decrease Java heap size (-Xmx/-Xms)
#   Decrease number of Java threads
#   Decrease Java thread stack sizes (-Xss)
#   Set larger code cache with -XX:ReservedCodeCacheSize=
#   JVM is running with Unscaled Compressed Oops mode in which the Java heap is
#     placed in the first 4GB address space. The Java Heap base address is the
#     maximum limit for the native heap growth. Please use -XX:HeapBaseMinAddress
#     to set the Java Heap base and to place the Java Heap above 4GB virtual address.
# This output file may be truncated or incomplete.
#
#  Out of Memory Error (allocation.cpp:389), pid=9760, tid=0x00000000000048e4
#
# JRE version: Java(TM) SE Runtime Environment (8.0_241-b07) (build 1.8.0_241-b07)
# Java VM: Java HotSpot(TM) 64-Bit Server VM (25.241-b07 mixed mode windows-amd64 compressed oops)
# Failed to write core dump. Minidumps are not enabled by default on client versions of Windows
#

---------------  T H R E A D  ---------------

Current thread (0x0000000019646000):  JavaThread "C2 CompilerThread0" daemon [_thread_in_native, id=18660, stack(0x0000000019ce0000,0x0000000019de0000)]

Stack: [0x0000000019ce0000,0x0000000019de0000]
[error occurred during error reporting (printing stack bounds), id 0xc0000005]

Native frames: (J=compiled Java code, j=interpreted, Vv=VM code, C=native code)


Current CompileTask:
C2:  83415 1219   !   4       GameDriver.Driver::run (524 bytes)


---------------  P R O C E S S  ---------------

Java Threads: ( => current thread )
  0x00000001b7637000 JavaThread "Thread-68" [_thread_blocked, id=19212, stack(0x00000001ed970000,0x00000001eda70000)]
  0x00000001b7635800 JavaThread "Thread-67" [_thread_blocked, id=18968, stack(0x00000001ed870000,0x00000001ed970000)]
  0x00000001b7636000 JavaThread "Thread-66" [_thread_blocked, id=16092, stack(0x00000001ed770000,0x00000001ed870000)]
  0x00000001b763c000 JavaThread "Thread-65" [_thread_blocked, id=10948, stack(0x00000001ed670000,0x00000001ed770000)]
  0x00000001b763b800 JavaThread "Thread-64" [_thread_blocked, id=2624, stack(0x00000001ed570000,0x00000001ed670000)]
  0x00000001b763a800 JavaThread "Thread-63" [_thread_blocked, id=2944, stack(0x00000001ed470000,0x00000001ed570000)]
  0x00000001b763a000 JavaThread "Thread-62" [_thread_blocked, id=11780, stack(0x00000001ed370000,0x00000001ed470000)]
  0x00000001b7638800 JavaThread "Thread-61" [_thread_blocked, id=19140, stack(0x00000001e3580000,0x00000001e3680000)]
  0x00000001b7633000 JavaThread "Thread-60" [_thread_blocked, id=15736, stack(0x00000001e3480000,0x00000001e3580000)]
  0x00000001b7637800 JavaThread "Thread-59" [_thread_blocked, id=9360, stack(0x00000001e3380000,0x00000001e3480000)]
  0x00000001b7634800 JavaThread "Thread-58" [_thread_blocked, id=2120, stack(0x00000001e3280000,0x00000001e3380000)]
  0x00000001b7632800 JavaThread "Thread-57" [_thread_blocked, id=13372, stack(0x00000001e3180000,0x00000001e3280000)]
  0x00000001b7634000 JavaThread "Thread-56" [_thread_blocked, id=7300, stack(0x00000001e3080000,0x00000001e3180000)]
  0x00000001b7639000 JavaThread "Thread-55" [_thread_blocked, id=4856, stack(0x00000001e2f80000,0x00000001e3080000)]
  0x0000000024342000 JavaThread "Thread-54" [_thread_blocked, id=13716, stack(0x00000001e2e80000,0x00000001e2f80000)]
  0x0000000024340800 JavaThread "Thread-53" [_thread_blocked, id=19436, stack(0x00000001e2d80000,0x00000001e2e80000)]
  0x0000000024337800 JavaThread "Thread-52" [_thread_blocked, id=18756, stack(0x00000001b53d0000,0x00000001b54d0000)]
  0x000000002433e000 JavaThread "Thread-51" [_thread_blocked, id=17164, stack(0x00000001b52d0000,0x00000001b53d0000)]
  0x000000002433d800 JavaThread "Thread-50" [_thread_blocked, id=9096, stack(0x00000001b51d0000,0x00000001b52d0000)]
  0x0000000024335000 JavaThread "Thread-49" [_thread_blocked, id=10268, stack(0x00000001b50d0000,0x00000001b51d0000)]
  0x0000000024339800 JavaThread "Thread-48" [_thread_blocked, id=15784, stack(0x00000001b4fd0000,0x00000001b50d0000)]
  0x0000000024336000 JavaThread "Thread-47" [_thread_blocked, id=19128, stack(0x00000001b4ed0000,0x00000001b4fd0000)]
  0x000000002433b000 JavaThread "Thread-46" [_thread_blocked, id=14428, stack(0x00000001b4dd0000,0x00000001b4ed0000)]
  0x0000000024338000 JavaThread "Thread-45" [_thread_blocked, id=9516, stack(0x00000001a2660000,0x00000001a2760000)]
  0x0000000024336800 JavaThread "Thread-44" [_thread_blocked, id=10864, stack(0x00000001a2560000,0x00000001a2660000)]
  0x000000002433c000 JavaThread "Thread-43" [_thread_blocked, id=17092, stack(0x00000001a2460000,0x00000001a2560000)]
  0x0000000024344000 JavaThread "Thread-41" [_thread_blocked, id=17992, stack(0x00000001a2260000,0x00000001a2360000)]
  0x000000002433f800 JavaThread "Thread-39" [_thread_blocked, id=17288, stack(0x00000001a1390000,0x00000001a1490000)]
  0x0000000024343800 JavaThread "Thread-37" [_thread_blocked, id=15692, stack(0x00000001a1190000,0x00000001a1290000)]
  0x000000002433c800 JavaThread "Thread-35" [_thread_blocked, id=13584, stack(0x0000000170e50000,0x0000000170f50000)]
  0x0000000024342800 JavaThread "Thread-33" [_thread_blocked, id=15792, stack(0x00000001501a0000,0x00000001502a0000)]
  0x000000002433f000 JavaThread "Thread-31" [_thread_blocked, id=18668, stack(0x0000000081af0000,0x0000000081bf0000)]
  0x000000002433a800 JavaThread "Thread-27" [_thread_blocked, id=17712, stack(0x00000000700b0000,0x00000000701b0000)]
  0x0000000024339000 JavaThread "Thread-26" [_thread_blocked, id=18540, stack(0x000000006ffb0000,0x00000000700b0000)]
  0x00000000196b8000 JavaThread "Thread-0" [_thread_blocked, id=19240, stack(0x000000007fe90000,0x000000007ff90000)]
  0x00000000196db800 JavaThread "Service Thread" daemon [_thread_blocked, id=11272, stack(0x0000000019fe0000,0x000000001a0e0000)]
  0x0000000019675800 JavaThread "C1 CompilerThread2" daemon [_thread_blocked, id=16180, stack(0x0000000019ee0000,0x0000000019fe0000)]
  0x000000001964a000 JavaThread "C2 CompilerThread1" daemon [_thread_blocked, id=192, stack(0x0000000019de0000,0x0000000019ee0000)]
=>0x0000000019646000 JavaThread "C2 CompilerThread0" daemon [_thread_in_native, id=18660, stack(0x0000000019ce0000,0x0000000019de0000)]
  0x000000001962d800 JavaThread "Monitor Ctrl-Break" daemon [_thread_in_native, id=19160, stack(0x0000000019be0000,0x0000000019ce0000)]
  0x0000000018242000 JavaThread "Attach Listener" daemon [_thread_blocked, id=18728, stack(0x0000000019ae0000,0x0000000019be0000)]
  0x00000000195e8800 JavaThread "Signal Dispatcher" daemon [_thread_blocked, id=19400, stack(0x00000000199e0000,0x0000000019ae0000)]
  0x00000000036fd000 JavaThread "Finalizer" daemon [_thread_blocked, id=6284, stack(0x0000000019480000,0x0000000019580000)]
  0x00000000036f4000 JavaThread "Reference Handler" daemon [_thread_blocked, id=17800, stack(0x0000000019380000,0x0000000019480000)]
  0x0000000003603800 JavaThread "main" [_thread_in_native, id=10052, stack(0x0000000003400000,0x0000000003500000)]

Other Threads:
  0x00000000181f7800 VMThread [stack: 0x0000000019280000,0x0000000019380000] [id=18444]
  0x00000000196be000 WatcherThread [stack: 0x000000001a0e0000,0x000000001a1e0000] [id=16872]

VM state:not at safepoint (normal execution)

VM Mutex/Monitor currently owned by a thread: None

heap address: 0x0000000081c00000, size: 2020 MB, Compressed Oops mode: 32-bit
Narrow klass base: 0x0000000000000000, Narrow klass shift: 3
Compressed class space size: 1073741824 Address: 0x0000000100000000

Heap:
 PSYoungGen      total 569344K, used 255348K [0x00000000d5f00000, 0x00000000ffb80000, 0x0000000100000000)
  eden space 461312K, 52% used [0x00000000d5f00000,0x00000000e4d938f0,0x00000000f2180000)
  from space 108032K, 10% used [0x00000000f2180000,0x00000000f2c498d0,0x00000000f8b00000)
  to   space 101888K, 0% used [0x00000000f9800000,0x00000000f9800000,0x00000000ffb80000)
 ParOldGen       total 467968K, used 316915K [0x0000000081c00000, 0x000000009e500000, 0x00000000d5f00000)
  object space 467968K, 67% used [0x0000000081c00000,0x000000009517cfe0,0x000000009e500000)
 Metaspace       used 6528K, capacity 6692K, committed 6912K, reserved 1056768K
  class space    used 677K, capacity 760K, committed 768K, reserved 1048576K

Card table byte_map: [0x0000000012ac0000,0x0000000012ec0000] byte_map_base: 0x00000000126b2000

Marking Bits: (ParMarkBitMap*) 0x0000000053b6be30
 Begin Bits: [0x0000000013570000, 0x0000000015500000)
 End Bits:   [0x0000000015500000, 0x0000000017490000)

Polling page: 0x0000000002fb0000

CodeCache: size=245760Kb used=5123Kb max_used=5132Kb free=240636Kb
 bounds [0x0000000003700000, 0x0000000003c10000, 0x0000000012700000]
 total_blobs=1516 nmethods=1186 adapters=243
 compilation: enabled

Compilation events (10 events):
Event: 81.428 Thread 0x0000000019646000 nmethod 1213 0x0000000003c005d0 code [0x0000000003c00a40, 0x0000000003c03dd0]
Event: 82.083 Thread 0x0000000019675800 1215       3       GameDriver.Driver::move (1401 bytes)
Event: 82.089 Thread 0x0000000019675800 nmethod 1215 0x0000000003c05910 code [0x0000000003c061c0, 0x0000000003c0bdb8]
Event: 82.530 Thread 0x0000000019675800 1217       3       java.util.concurrent.locks.LockSupport::setBlocker (12 bytes)
Event: 82.538 Thread 0x0000000019675800 nmethod 1217 0x0000000003bbe210 code [0x0000000003bbe360, 0x0000000003bbe4b0]
Event: 83.401 Thread 0x000000001964a000 1218       4       sun.nio.fs.WindowsFileSystem::getPath (101 bytes)
Event: 83.404 Thread 0x000000001964a000 nmethod 1218 0x0000000003bdfdd0 code [0x0000000003bdff20, 0x0000000003be0088]
Event: 83.404 Thread 0x0000000019646000 1219   !   4       GameDriver.Driver::run (524 bytes)
Event: 83.405 Thread 0x0000000019675800 1220   !   3       sun.nio.cs.StreamEncoder::flushBuffer (42 bytes)
Event: 83.406 Thread 0x0000000019675800 nmethod 1220 0x000000000393cf10 code [0x000000000393d0c0, 0x000000000393d658]

GC Heap History (10 events):
Event: 66.754 GC heap before
{Heap before GC invocations=21 (full 4):
 PSYoungGen      total 620032K, used 67059K [0x00000000d5f00000, 0x0000000100000000, 0x0000000100000000)
  eden space 552960K, 0% used [0x00000000d5f00000,0x00000000d5f00000,0x00000000f7b00000)
  from space 67072K, 99% used [0x00000000f7b00000,0x00000000fbc7cd60,0x00000000fbc80000)
  to   space 69120K, 0% used [0x00000000fbc80000,0x00000000fbc80000,0x0000000100000000)
 ParOldGen       total 357376K, used 357228K [0x0000000081c00000, 0x0000000097900000, 0x00000000d5f00000)
  object space 357376K, 99% used [0x0000000081c00000,0x00000000978db2a8,0x0000000097900000)
 Metaspace       used 6499K, capacity 6628K, committed 6656K, reserved 1056768K
  class space    used 673K, capacity 760K, committed 768K, reserved 1048576K
Event: 67.004 GC heap after
Heap after GC invocations=21 (full 4):
 PSYoungGen      total 620032K, used 0K [0x00000000d5f00000, 0x0000000100000000, 0x0000000100000000)
  eden space 552960K, 0% used [0x00000000d5f00000,0x00000000d5f00000,0x00000000f7b00000)
  from space 67072K, 0% used [0x00000000f7b00000,0x00000000f7b00000,0x00000000fbc80000)
  to   space 69120K, 0% used [0x00000000fbc80000,0x00000000fbc80000,0x0000000100000000)
 ParOldGen       total 467968K, used 316915K [0x0000000081c00000, 0x000000009e500000, 0x00000000d5f00000)
  object space 467968K, 67% used [0x0000000081c00000,0x000000009517cfe0,0x000000009e500000)
 Metaspace       used 6499K, capacity 6628K, committed 6656K, reserved 1056768K
  class space    used 673K, capacity 760K, committed 768K, reserved 1048576K
}
Event: 67.752 GC heap before
{Heap before GC invocations=22 (full 4):
 PSYoungGen      total 620032K, used 552960K [0x00000000d5f00000, 0x0000000100000000, 0x0000000100000000)
  eden space 552960K, 100% used [0x00000000d5f00000,0x00000000f7b00000,0x00000000f7b00000)
  from space 67072K, 0% used [0x00000000f7b00000,0x00000000f7b00000,0x00000000fbc80000)
  to   space 69120K, 0% used [0x00000000fbc80000,0x00000000fbc80000,0x0000000100000000)
 ParOldGen       total 467968K, used 316915K [0x0000000081c00000, 0x000000009e500000, 0x00000000d5f00000)
  object space 467968K, 67% used [0x0000000081c00000,0x000000009517cfe0,0x000000009e500000)
 Metaspace       used 6501K, capacity 6692K, committed 6912K, reserved 1056768K
  class space    used 673K, capacity 760K, committed 768K, reserved 1048576K
Event: 67.755 GC heap after
Heap after GC invocations=22 (full 4):
 PSYoungGen      total 526848K, used 96K [0x00000000d5f00000, 0x0000000100000000, 0x0000000100000000)
  eden space 457728K, 0% used [0x00000000d5f00000,0x00000000d5f00000,0x00000000f1e00000)
  from space 69120K, 0% used [0x00000000fbc80000,0x00000000fbc98000,0x0000000100000000)
  to   space 115712K, 0% used [0x00000000f1e00000,0x00000000f1e00000,0x00000000f8f00000)
 ParOldGen       total 467968K, used 316915K [0x0000000081c00000, 0x000000009e500000, 0x00000000d5f00000)
  object space 467968K, 67% used [0x0000000081c00000,0x000000009517cfe0,0x000000009e500000)
 Metaspace       used 6501K, capacity 6692K, committed 6912K, reserved 1056768K
  class space    used 673K, capacity 760K, committed 768K, reserved 1048576K
}
Event: 68.192 GC heap before
{Heap before GC invocations=23 (full 4):
 PSYoungGen      total 526848K, used 457824K [0x00000000d5f00000, 0x0000000100000000, 0x0000000100000000)
  eden space 457728K, 100% used [0x00000000d5f00000,0x00000000f1e00000,0x00000000f1e00000)
  from space 69120K, 0% used [0x00000000fbc80000,0x00000000fbc98000,0x0000000100000000)
  to   space 115712K, 0% used [0x00000000f1e00000,0x00000000f1e00000,0x00000000f8f00000)
 ParOldGen       total 467968K, used 316915K [0x0000000081c00000, 0x000000009e500000, 0x00000000d5f00000)
  object space 467968K, 67% used [0x0000000081c00000,0x000000009517cfe0,0x000000009e500000)
 Metaspace       used 6501K, capacity 6692K, committed 6912K, reserved 1056768K
  class space    used 673K, capacity 760K, committed 768K, reserved 1048576K
Event: 68.194 GC heap after
Heap after GC invocations=23 (full 4):
 PSYoungGen      total 573440K, used 64K [0x00000000d5f00000, 0x0000000100000000, 0x0000000100000000)
  eden space 457728K, 0% used [0x00000000d5f00000,0x00000000d5f00000,0x00000000f1e00000)
  from space 115712K, 0% used [0x00000000f1e00000,0x00000000f1e10000,0x00000000f8f00000)
  to   space 112128K, 0% used [0x00000000f9280000,0x00000000f9280000,0x0000000100000000)
 ParOldGen       total 467968K, used 316915K [0x0000000081c00000, 0x000000009e500000, 0x00000000d5f00000)
  object space 467968K, 67% used [0x0000000081c00000,0x000000009517cfe0,0x000000009e500000)
 Metaspace       used 6501K, capacity 6692K, committed 6912K, reserved 1056768K
  class space    used 673K, capacity 760K, committed 768K, reserved 1048576K
}
Event: 68.506 GC heap before
{Heap before GC invocations=24 (full 4):
 PSYoungGen      total 573440K, used 457792K [0x00000000d5f00000, 0x0000000100000000, 0x0000000100000000)
  eden space 457728K, 100% used [0x00000000d5f00000,0x00000000f1e00000,0x00000000f1e00000)
  from space 115712K, 0% used [0x00000000f1e00000,0x00000000f1e10000,0x00000000f8f00000)
  to   space 112128K, 0% used [0x00000000f9280000,0x00000000f9280000,0x0000000100000000)
 ParOldGen       total 467968K, used 316915K [0x0000000081c00000, 0x000000009e500000, 0x00000000d5f00000)
  object space 467968K, 67% used [0x0000000081c00000,0x000000009517cfe0,0x000000009e500000)
 Metaspace       used 6501K, capacity 6692K, committed 6912K, reserved 1056768K
  class space    used 673K, capacity 760K, committed 768K, reserved 1048576K
Event: 68.507 GC heap after
Heap after GC invocations=24 (full 4):
 PSYoungGen      total 561664K, used 96K [0x00000000d5f00000, 0x00000000ff480000, 0x0000000100000000)
  eden space 461312K, 0% used [0x00000000d5f00000,0x00000000d5f00000,0x00000000f2180000)
  from space 100352K, 0% used [0x00000000f9280000,0x00000000f9298000,0x00000000ff480000)
  to   space 108032K, 0% used [0x00000000f2180000,0x00000000f2180000,0x00000000f8b00000)
 ParOldGen       total 467968K, used 316915K [0x0000000081c00000, 0x000000009e500000, 0x00000000d5f00000)
  object space 467968K, 67% used [0x0000000081c00000,0x000000009517cfe0,0x000000009e500000)
 Metaspace       used 6501K, capacity 6692K, committed 6912K, reserved 1056768K
  class space    used 673K, capacity 760K, committed 768K, reserved 1048576K
}
Event: 75.878 GC heap before
{Heap before GC invocations=25 (full 4):
 PSYoungGen      total 561664K, used 461408K [0x00000000d5f00000, 0x00000000ff480000, 0x0000000100000000)
  eden space 461312K, 100% used [0x00000000d5f00000,0x00000000f2180000,0x00000000f2180000)
  from space 100352K, 0% used [0x00000000f9280000,0x00000000f9298000,0x00000000ff480000)
  to   space 108032K, 0% used [0x00000000f2180000,0x00000000f2180000,0x00000000f8b00000)
 ParOldGen       total 467968K, used 316915K [0x0000000081c00000, 0x000000009e500000, 0x00000000d5f00000)
  object space 467968K, 67% used [0x0000000081c00000,0x000000009517cfe0,0x000000009e500000)
 Metaspace       used 6501K, capacity 6692K, committed 6912K, reserved 1056768K
  class space    used 673K, capacity 760K, committed 768K, reserved 1048576K
Event: 75.886 GC heap after
Heap after GC invocations=25 (full 4):
 PSYoungGen      total 569344K, used 11046K [0x00000000d5f00000, 0x00000000ffb80000, 0x0000000100000000)
  eden space 461312K, 0% used [0x00000000d5f00000,0x00000000d5f00000,0x00000000f2180000)
  from space 108032K, 10% used [0x00000000f2180000,0x00000000f2c498d0,0x00000000f8b00000)
  to   space 101888K, 0% used [0x00000000f9800000,0x00000000f9800000,0x00000000ffb80000)
 ParOldGen       total 467968K, used 316915K [0x0000000081c00000, 0x000000009e500000, 0x00000000d5f00000)
  object space 467968K, 67% used [0x0000000081c00000,0x000000009517cfe0,0x000000009e500000)
 Metaspace       used 6501K, capacity 6692K, committed 6912K, reserved 1056768K
  class space    used 673K, capacity 760K, committed 768K, reserved 1048576K
}

Deoptimization events (10 events):
Event: 60.850 Thread 0x000000002433a800 Uncommon trap: reason=unstable_if action=reinterpret pc=0x0000000003b1a674 method=GameDriver.Driver.move()V @ 280
Event: 60.942 Thread 0x0000000003603800 Uncommon trap: reason=unstable_if action=reinterpret pc=0x0000000003b9e70c method=GameDriver.Driver.onDraw()V @ 973
Event: 64.319 Thread 0x0000000003603800 Uncommon trap: reason=unstable_if action=reinterpret pc=0x0000000003b96218 method=GUI.Backpack.drawAWeaponOnGround(Lorg/jsfml/graphics/RenderWindow;Lorg/jsfml/window/Mouse;Lorg/jsfml/graphics/RectangleShape;III)Z @ 123
Event: 64.861 Thread 0x00000000036f4000 Uncommon trap: reason=unstable_if action=reinterpret pc=0x0000000003b3d594 method=java.lang.ref.Reference.tryHandlePending(Z)Z @ 104
Event: 69.153 Thread 0x00000001b7634000 Uncommon trap: reason=unstable_if action=reinterpret pc=0x0000000003b7d480 method=Actors.Enemies.changeIndex()V @ 810
Event: 77.301 Thread 0x00000001b763a000 Uncommon trap: reason=unstable_if action=reinterpret pc=0x0000000003b08cc4 method=GameDriver.Driver.collisionDetection(ZZ[I[I[I)V @ 236
Event: 79.810 Thread 0x0000000024336000 Uncommon trap: reason=unstable_if action=reinterpret pc=0x0000000003ad56b4 method=Actors.Enemies.setImage()V @ 129
Event: 81.914 Thread 0x00000001b763a000 Uncommon trap: reason=unstable_if action=reinterpret pc=0x0000000003c03304 method=GameDriver.Driver.move()V @ 398
Event: 83.367 Thread 0x0000000003603800 Uncommon trap: reason=unstable_if action=reinterpret pc=0x0000000003b6aabc method=java.lang.String.trim()Ljava/lang/String; @ 44
Event: 83.371 Thread 0x0000000003603800 Uncommon trap: reason=unstable_if action=reinterpret pc=0x0000000003b02db4 method=java.io.BufferedOutputStream.write([BII)V @ 6

Classes redefined (0 events):
No events

Internal exceptions (10 events):
Event: 0.062 Thread 0x0000000003603800 Exception <a 'java/lang/NoSuchMethodError': Method sun.misc.Unsafe.defineClass(Ljava/lang/String;[BII)Ljava/lang/Class; name or signature does not match> (0x00000000d5f07cc0) thrown at [C:\ade\jenkins\workspace\8-2-build-windows-amd64-cygwin\jdk8u241\331\
Event: 0.062 Thread 0x0000000003603800 Exception <a 'java/lang/NoSuchMethodError': Method sun.misc.Unsafe.prefetchRead(Ljava/lang/Object;J)V name or signature does not match> (0x00000000d5f07fa8) thrown at [C:\ade\jenkins\workspace\8-2-build-windows-amd64-cygwin\jdk8u241\331\hotspot\src\share\
Event: 0.247 Thread 0x0000000003603800 Exception <a 'sun/nio/fs/WindowsException'> (0x00000000d61857d0) thrown at [C:\ade\jenkins\workspace\8-2-build-windows-amd64-cygwin\jdk8u241\331\hotspot\src\share\vm\prims\jni.cpp, line 710]
Event: 0.261 Thread 0x0000000003603800 Exception <a 'java/security/PrivilegedActionException'> (0x00000000d619e600) thrown at [C:\ade\jenkins\workspace\8-2-build-windows-amd64-cygwin\jdk8u241\331\hotspot\src\share\vm\prims\jvm.cpp, line 1502]
Event: 0.261 Thread 0x0000000003603800 Exception <a 'java/security/PrivilegedActionException'> (0x00000000d619e810) thrown at [C:\ade\jenkins\workspace\8-2-build-windows-amd64-cygwin\jdk8u241\331\hotspot\src\share\vm\prims\jvm.cpp, line 1502]
Event: 0.262 Thread 0x0000000003603800 Exception <a 'java/security/PrivilegedActionException'> (0x00000000d61a2720) thrown at [C:\ade\jenkins\workspace\8-2-build-windows-amd64-cygwin\jdk8u241\331\hotspot\src\share\vm\prims\jvm.cpp, line 1502]
Event: 0.263 Thread 0x0000000003603800 Exception <a 'java/security/PrivilegedActionException'> (0x00000000d61a2930) thrown at [C:\ade\jenkins\workspace\8-2-build-windows-amd64-cygwin\jdk8u241\331\hotspot\src\share\vm\prims\jvm.cpp, line 1502]
Event: 0.594 Thread 0x0000000003603800 Exception <a 'java/lang/NoSuchFieldError': method resolution failed> (0x00000000d63f3718) thrown at [C:\ade\jenkins\workspace\8-2-build-windows-amd64-cygwin\jdk8u241\331\hotspot\src\share\vm\prims\methodHandles.cpp, line 1167]
Event: 0.597 Thread 0x0000000003603800 Exception <a 'java/lang/NoSuchFieldError': method resolution failed> (0x00000000d64015c0) thrown at [C:\ade\jenkins\workspace\8-2-build-windows-amd64-cygwin\jdk8u241\331\hotspot\src\share\vm\prims\methodHandles.cpp, line 1167]
Event: 52.515 Thread 0x00000000036fd000 Implicit null exception at 0x0000000003b3a021 to 0x0000000003b3a26d

Events (10 events):
Event: 83.368 loading class java/lang/Throwable$WrappedPrintStream done
Event: 83.368 loading class java/util/IdentityHashMap
Event: 83.369 loading class java/util/IdentityHashMap done
Event: 83.370 loading class java/util/IdentityHashMap$KeySet
Event: 83.370 loading class java/util/IdentityHashMap$KeySet done
Event: 83.371 Thread 0x0000000003603800 Uncommon trap: trap_request=0xffffff65 fr.pc=0x0000000003b02db4
Event: 83.371 Thread 0x0000000003603800 DEOPT PACKING pc=0x0000000003b02db4 sp=0x00000000034feaf0
Event: 83.371 Thread 0x0000000003603800 DEOPT UNPACKING pc=0x000000000374583b sp=0x00000000034fe910 mode 2
Event: 83.404 Thread 0x00000001b763a000 DEOPT PACKING pc=0x0000000003b8a689 sp=0x00000001ed46f530
Event: 83.405 Thread 0x00000001b763a000 DEOPT UNPACKING pc=0x0000000003747890 sp=0x00000001ed46f288 mode 0


Dynamic libraries:
0x00007ff7ce4e0000 - 0x00007ff7ce517000 	C:\Program Files\Java\jdk1.8.0_241\bin\java.exe
0x00007ffd2cf90000 - 0x00007ffd2d17d000 	C:\Windows\SYSTEM32\ntdll.dll
0x00007ffd2b810000 - 0x00007ffd2b8c3000 	C:\Windows\System32\KERNEL32.DLL
0x00007ffd29a10000 - 0x00007ffd29ca5000 	C:\Windows\System32\KERNELBASE.dll
0x00007ffd2bd00000 - 0x00007ffd2bda3000 	C:\Windows\System32\ADVAPI32.dll
0x00007ffd2b8d0000 - 0x00007ffd2b96e000 	C:\Windows\System32\msvcrt.dll
0x00007ffd2c7a0000 - 0x00007ffd2c83e000 	C:\Windows\System32\sechost.dll
0x00007ffd2ce30000 - 0x00007ffd2cf52000 	C:\Windows\System32\RPCRT4.dll
0x00007ffd2b970000 - 0x00007ffd2bb07000 	C:\Windows\System32\USER32.dll
0x00007ffd297a0000 - 0x00007ffd297c0000 	C:\Windows\System32\win32u.dll
0x00007ffd2c3a0000 - 0x00007ffd2c3c9000 	C:\Windows\System32\GDI32.dll
0x00007ffd29f10000 - 0x00007ffd2a0a9000 	C:\Windows\System32\gdi32full.dll
0x00007ffd2a110000 - 0x00007ffd2a1b0000 	C:\Windows\System32\msvcp_win.dll
0x00007ffd297e0000 - 0x00007ffd298da000 	C:\Windows\System32\ucrtbase.dll
0x00007ffd1cc30000 - 0x00007ffd1cea9000 	C:\Windows\WinSxS\amd64_microsoft.windows.common-controls_6595b64144ccf1df_6.0.17763.1158_none_de722d88534a897f\COMCTL32.dll
0x00007ffd2bfc0000 - 0x00007ffd2c2ec000 	C:\Windows\System32\combase.dll
0x00007ffd298e0000 - 0x00007ffd2995e000 	C:\Windows\System32\bcryptPrimitives.dll
0x00007ffd2a1b0000 - 0x00007ffd2a1de000 	C:\Windows\System32\IMM32.DLL
0x0000000053bf0000 - 0x0000000053cc2000 	C:\Program Files\Java\jdk1.8.0_241\jre\bin\msvcr100.dll
0x0000000053340000 - 0x0000000053bec000 	C:\Program Files\Java\jdk1.8.0_241\jre\bin\server\jvm.dll
0x00007ffd2cd40000 - 0x00007ffd2cd48000 	C:\Windows\System32\PSAPI.DLL
0x00007ffd26320000 - 0x00007ffd26344000 	C:\Windows\SYSTEM32\WINMM.dll
0x00007ffd1e560000 - 0x00007ffd1e56a000 	C:\Windows\SYSTEM32\VERSION.dll
0x00007ffd25f90000 - 0x00007ffd25fbd000 	C:\Windows\SYSTEM32\WINMMBASE.dll
0x00007ffd29ce0000 - 0x00007ffd29d2a000 	C:\Windows\System32\cfgmgr32.dll
0x00007ffd24e00000 - 0x00007ffd24e09000 	C:\Windows\SYSTEM32\WSOCK32.dll
0x00007ffd2c4a0000 - 0x00007ffd2c50d000 	C:\Windows\System32\ws2_32.DLL
0x00007ffd1e740000 - 0x00007ffd1e74f000 	C:\Program Files\Java\jdk1.8.0_241\jre\bin\verify.dll
0x00007ffd1bad0000 - 0x00007ffd1baf9000 	C:\Program Files\Java\jdk1.8.0_241\jre\bin\java.dll
0x00007ffcfff20000 - 0x00007ffcfff43000 	C:\Program Files\Java\jdk1.8.0_241\jre\bin\instrument.dll
0x00007ffd10940000 - 0x00007ffd10956000 	C:\Program Files\Java\jdk1.8.0_241\jre\bin\zip.dll
0x00007ffd2a310000 - 0x00007ffd2b804000 	C:\Windows\System32\SHELL32.dll
0x00007ffd2c6f0000 - 0x00007ffd2c798000 	C:\Windows\System32\shcore.dll
0x00007ffd29050000 - 0x00007ffd2979d000 	C:\Windows\System32\windows.storage.dll
0x00007ffd29020000 - 0x00007ffd29044000 	C:\Windows\System32\profapi.dll
0x00007ffd28fa0000 - 0x00007ffd28ffd000 	C:\Windows\System32\powrprof.dll
0x00007ffd2c510000 - 0x00007ffd2c562000 	C:\Windows\System32\shlwapi.dll
0x00007ffd29000000 - 0x00007ffd29011000 	C:\Windows\System32\kernel.appcore.dll
0x00007ffd297c0000 - 0x00007ffd297d7000 	C:\Windows\System32\cryptsp.dll
0x00007ffd0ff50000 - 0x00007ffd0ff6a000 	C:\Program Files\JetBrains\IntelliJ IDEA Community Edition 2019.3.3\bin\breakgen64.dll
0x00007ffd100c0000 - 0x00007ffd100da000 	C:\Program Files\Java\jdk1.8.0_241\jre\bin\net.dll
0x00007ffd287a0000 - 0x00007ffd28807000 	C:\Windows\system32\mswsock.dll
0x00007ffd100a0000 - 0x00007ffd100b2000 	C:\Program Files\Java\jdk1.8.0_241\jre\bin\nio.dll
0x0000000070440000 - 0x0000000070682000 	C:\Users\hp\.jsfml\windows_x64\libsndfile-1.dll
0x00007ffcf9010000 - 0x00007ffcf907c000 	C:\Users\hp\.jsfml\windows_x64\openal32.dll
0x00007ffd19ef0000 - 0x00007ffd19efe000 	C:\Users\hp\.jsfml\windows_x64\sfml-system-2.dll
0x0000000053cf0000 - 0x0000000053d88000 	C:\Windows\SYSTEM32\MSVCP100.dll
0x00007ffd0a410000 - 0x00007ffd0a424000 	C:\Users\hp\.jsfml\windows_x64\sfml-window-2.dll
0x00007ffd0e8f0000 - 0x00007ffd0ea17000 	C:\Windows\SYSTEM32\OPENGL32.dll
0x00007ffd13fa0000 - 0x00007ffd13fcc000 	C:\Windows\SYSTEM32\GLU32.dll
0x00007ffcff500000 - 0x00007ffcff513000 	C:\Users\hp\.jsfml\windows_x64\sfml-audio-2.dll
0x00007ffcf8ae0000 - 0x00007ffcf8bc9000 	C:\Users\hp\.jsfml\windows_x64\sfml-graphics-2.dll
0x00007ffcfebe0000 - 0x00007ffcfec15000 	C:\Users\hp\.jsfml\windows_x64\jsfml.dll
0x00007ffd268a0000 - 0x00007ffd2693c000 	C:\Windows\system32\uxtheme.dll
0x00007ffd2bb80000 - 0x00007ffd2bceb000 	C:\Windows\System32\MSCTF.dll
0x00007ffd2c3d0000 - 0x00007ffd2c494000 	C:\Windows\System32\OLEAUT32.dll
0x00007ffce2d60000 - 0x00007ffce3cbc000 	C:\Windows\System32\DriverStore\FileRepository\iigd_dch.inf_amd64_38bfcb542ef4272e\ig9icd64.dll
0x00007ffd2c590000 - 0x00007ffd2c6e5000 	C:\Windows\System32\OLE32.DLL
0x00007ffd26ee0000 - 0x00007ffd26f0e000 	C:\Windows\SYSTEM32\dwmapi.dll
0x00007ffd29d30000 - 0x00007ffd29f0c000 	C:\Windows\System32\CRYPT32.dll
0x00007ffd28f80000 - 0x00007ffd28f92000 	C:\Windows\System32\MSASN1.dll
0x00007ffd27c70000 - 0x00007ffd27d32000 	C:\Windows\system32\dxgi.dll
0x00007ffd22300000 - 0x00007ffd22452000 	C:\Windows\System32\DriverStore\FileRepository\iigd_dch.inf_amd64_38bfcb542ef4272e\igdgmm64.dll
0x00007ffd1ff80000 - 0x00007ffd222d6000 	C:\Windows\System32\DriverStore\FileRepository\iigd_dch.inf_amd64_38bfcb542ef4272e\igc64.dll
0x00007ffcfeac0000 - 0x00007ffcfeaee000 	C:\Windows\SYSTEM32\DINPUT.DLL
0x00007ffd1c9a0000 - 0x00007ffd1ca6c000 	C:\Windows\SYSTEM32\inputhost.dll
0x00007ffd26350000 - 0x00007ffd26432000 	C:\Windows\SYSTEM32\CoreMessaging.dll
0x00007ffd24660000 - 0x00007ffd24982000 	C:\Windows\SYSTEM32\CoreUIComponents.dll
0x00007ffd25800000 - 0x00007ffd25dbe000 	C:\Windows\SYSTEM32\d2d1.dll
0x00007ffd25580000 - 0x00007ffd257fe000 	C:\Windows\SYSTEM32\d3d11.dll
0x00007ffd26980000 - 0x00007ffd26b8d000 	C:\Windows\SYSTEM32\twinapi.appcore.dll
0x00007ffd27fb0000 - 0x00007ffd27fe1000 	C:\Windows\SYSTEM32\ntmarta.dll
0x00007ffd244e0000 - 0x00007ffd24633000 	C:\Windows\SYSTEM32\wintypes.dll
0x00007ffd274a0000 - 0x00007ffd27649000 	C:\Windows\SYSTEM32\PROPSYS.dll
0x00007ffd26fc0000 - 0x00007ffd26fe8000 	C:\Windows\SYSTEM32\RMCLIENT.dll
0x00007ffd270c0000 - 0x00007ffd270ce000 	C:\Windows\SYSTEM32\HID.DLL
0x00007ffd2c8c0000 - 0x00007ffd2cd36000 	C:\Windows\System32\SETUPAPI.DLL
0x00007ffd29cb0000 - 0x00007ffd29cd6000 	C:\Windows\System32\bcrypt.dll
0x00007ffd28d90000 - 0x00007ffd28db9000 	C:\Windows\SYSTEM32\DEVOBJ.dll
0x00007ffd2a0b0000 - 0x00007ffd2a109000 	C:\Windows\System32\WINTRUST.dll
0x00007ffd1cab0000 - 0x00007ffd1cb45000 	C:\Windows\System32\TextInputFramework.dll
0x00007ffcff7f0000 - 0x00007ffcff886000 	C:\Windows\SYSTEM32\dsound.dll
0x00007ffd2c2f0000 - 0x00007ffd2c392000 	C:\Windows\System32\clbcatq.dll
0x00007ffd1e7e0000 - 0x00007ffd1e850000 	C:\Windows\System32\MMDevApi.dll
0x00007ffd1e900000 - 0x00007ffd1ea48000 	C:\Windows\SYSTEM32\AUDIOSES.DLL
0x00007ffd24c00000 - 0x00007ffd24c0a000 	C:\Windows\SYSTEM32\AVRT.dll
0x00007ffd26b90000 - 0x00007ffd26ba4000 	C:\Windows\SYSTEM32\resourcepolicyclient.dll
0x00007ffd1cf20000 - 0x00007ffd1d05a000 	C:\Windows\System32\Windows.UI.dll

VM Arguments:
jvm_args: -javaagent:C:\Program Files\JetBrains\IntelliJ IDEA Community Edition 2019.3.3\lib\idea_rt.jar=54251:C:\Program Files\JetBrains\IntelliJ IDEA Community Edition 2019.3.3\bin -Dfile.encoding=GBK 
java_command: mainGameStarter
java_class_path (initial): C:\Program Files\Java\jdk1.8.0_241\jre\lib\charsets.jar;C:\Program Files\Java\jdk1.8.0_241\jre\lib\deploy.jar;C:\Program Files\Java\jdk1.8.0_241\jre\lib\ext\access-bridge-64.jar;C:\Program Files\Java\jdk1.8.0_241\jre\lib\ext\cldrdata.jar;C:\Program Files\Java\jdk1.8.0_241\jre\lib\ext\dnsns.jar;C:\Program Files\Java\jdk1.8.0_241\jre\lib\ext\jaccess.jar;C:\Program Files\Java\jdk1.8.0_241\jre\lib\ext\jfxrt.jar;C:\Program Files\Java\jdk1.8.0_241\jre\lib\ext\localedata.jar;C:\Program Files\Java\jdk1.8.0_241\jre\lib\ext\nashorn.jar;C:\Program Files\Java\jdk1.8.0_241\jre\lib\ext\sunec.jar;C:\Program Files\Java\jdk1.8.0_241\jre\lib\ext\sunjce_provider.jar;C:\Program Files\Java\jdk1.8.0_241\jre\lib\ext\sunmscapi.jar;C:\Program Files\Java\jdk1.8.0_241\jre\lib\ext\sunpkcs11.jar;C:\Program Files\Java\jdk1.8.0_241\jre\lib\ext\zipfs.jar;C:\Program Files\Java\jdk1.8.0_241\jre\lib\javaws.jar;C:\Program Files\Java\jdk1.8.0_241\jre\lib\jce.jar;C:\Program Files\Java\jdk1.8.0_241\jre\lib\jfr.jar;C:\Program Files\Java\jdk1.8.0_241\jre\lib\jfxswt.jar;C:\Program Files\Java\jdk1.8.0_241\jre\lib\jsse.jar;C:\Program Files\Java\jdk1.8.0_241\jre\lib\management-agent.jar;C:\Program Files\Java\jdk1.8.0_241\jre\lib\plugin.jar;C:\Program Files\Java\jdk1.8.0_241\jre\lib\resources.jar;C:\Program Files\Java\jdk1.8.0_241\jre\lib\rt.jar;C:\Users\hp\Desktop\Game4\WarriorsExpedition_Program\out\production\WarriorsExpedition_Program;C:\Users\hp\Desktop\Game4\WarriorsExpedition_Program\lib\jsfml-test.jar;C:\Users\hp\Desktop\Game4\WarriorsExpedition_Program\lib\jsfml.jar;C:\Program Files\JetBrains\IntelliJ IDEA Community Edition 2019.3.3\lib\idea_rt.jar
Launcher Type: SUN_STANDARD

Environment Variables:
JAVA_HOME=C:\Program Files\Java\jdk1.8.0_241
CLASSPATH=.;C:\Program Files\Java\jdk1.8.0_241\lib;C:\Program Files (x86)\MySQL\Connector J 8.0\mysql-connector-java-8.0.19.jar;
PATH=C:\Program Files (x86)\Common Files\Oracle\Java\javapath;C:\Windows;C:\Windows\system32;C:\Windows\System32\Wbem;C:\Windows\System32\WindowsPowerShell\v1.0\;C:\Windows\System32\OpenSSH\;C:\Program Files (x86)\NVIDIA Corporation\PhysX\Common;D:\Download程序下载\Latex\latex安装程序\CTEX\UserData\miktex\bin;D:\Down;oad程序下载\Latex\latex安装程序\CTEX\MiKTeX\miktex\bin;D:\Down;oad程序下载\Latex\latex安装程序\CTEX\CTeX\ctex\bin;D:\Down;oad程序下载\Latex\latex安装程序\CTEX\CTeX\cct\bin;D:\Down;oad程序下载\Latex\latex安装程序\CTEX\CTeX\ty\bin;D:\Down;oad程序下载\Latex\latex安装程序\CTEX\Ghostscript\gs9.05\bin;D:\Down;oad程序下载\Latex\latex安装程序\CTEX\GSview\gsview;D:\Down;oad程序下载\Latex\latex安装程序\CTEX\WinEdt;C:\Prog;C:\Program Files\Java\jdk1.8.0_241\bin;D:\Download程序下载\python;C:\Program Files\Git\cmd;C:\Program Files\dotnet\;D:\Download程序下载\Maven\apache-maven-3.3.9-bin\apache-maven-3.3.9\bin;C:\Program Files\MySQL\MySQL Server 8.0\bin;C:\Program Files\nodejs\;C:\Program Files\Docker\Docker\resources\bin;C:\ProgramData\DockerDesktop\version-bin;D:\Download程序下载\erlang\erl9.3\bin;D:\Download程序下载\SQLite软件;D:\Download程序下载\cmder\cmder;C:\Users\hp\AppData\Local\Microsoft\WindowsApps;C:\Users\hp\AppData\Local\atom\bin;D:\Download程序下载\pycharm\PyCharm Community Edition 2019.2.1\bin;;C:\Users\hp\AppData\Roaming\npm;C:\Program Files\JetBrains\IntelliJ IDEA Community Edition 2019.3.3\bin;
USERNAME=hp
OS=Windows_NT
PROCESSOR_IDENTIFIER=Intel64 Family 6 Model 142 Stepping 9, GenuineIntel



---------------  S Y S T E M  ---------------

OS: Windows 10.0 , 64 bit Build 17763 (10.0.17763.1158)

CPU:total 4 (initial active 4) (2 cores per cpu, 2 threads per core) family 6 model 142 stepping 9, cmov, cx8, fxsr, mmx, sse, sse2, sse3, ssse3, sse4.1, sse4.2, popcnt, avx, avx2, aes, clmul, erms, 3dnowpref, lzcnt, ht, tsc, tscinvbit, bmi1, bmi2, adx

Memory: 4k page, physical 8271080k(689592k free), swap 24248932k(0k free)

vm_info: Java HotSpot(TM) 64-Bit Server VM (25.241-b07) for windows-amd64 JRE (1.8.0_241-b07), built on Dec 11 2019 10:21:40 by "rejava" with MS VC++ 10.0 (VS2010)

time: Wed May 13 00:35:10 2020
timezone: 中国标准时间
elapsed time: 83 seconds (0d 0h 1m 23s)

